[Wed Apr 22 22:19:39 2015] [info] Listening at "http://*:3000".
[Wed Apr 22 22:19:43 2015] [debug] GET / (Mozilla/5.0 (X11; Ubuntu; Linux i686; rv:37.0) Gecko/20100101 Firefox/37.0).
[Wed Apr 22 22:19:43 2015] [debug] Routing to controller "AcdWideWeb::Example" and action "welcome".
[Wed Apr 22 22:19:43 2015] [debug] Rendering template "example/welcome.html.ep".
[Wed Apr 22 22:19:44 2015] [debug] Rendering template "layouts/default.html.ep".
[Wed Apr 22 22:19:44 2015] [debug] 200 OK (0.139264s, 7.181/s).
[Wed Apr 22 22:23:33 2015] [info] Listening at "http://*:3000".
[Wed Apr 22 22:23:35 2015] [debug] GET / (Mozilla/5.0 (X11; Ubuntu; Linux i686; rv:37.0) Gecko/20100101 Firefox/37.0).
[Wed Apr 22 22:23:35 2015] [debug] Routing to controller "AcdWideWeb::Example" and action "welcome".
[Wed Apr 22 22:23:35 2015] [debug] Rendering template "example/welcome.html.ep".
[Wed Apr 22 22:23:35 2015] [debug] Rendering template "layouts/default.html.ep".
[Wed Apr 22 22:23:35 2015] [debug] 200 OK (0.130626s, 7.655/s).
[Wed Apr 22 22:24:24 2015] [info] Listening at "http://*:3000".
[Wed Apr 22 22:24:28 2015] [debug] GET / (Mozilla/5.0 (X11; Ubuntu; Linux i686; rv:37.0) Gecko/20100101 Firefox/37.0).
[Wed Apr 22 22:24:28 2015] [debug] Routing to controller "AcdWideWeb::Example" and action "welcome".
[Wed Apr 22 22:24:28 2015] [debug] Rendering template "example/welcome.html.ep".
[Wed Apr 22 22:24:28 2015] [debug] Rendering template "layouts/default.html.ep".
[Wed Apr 22 22:24:28 2015] [debug] 200 OK (0.138369s, 7.227/s).
[Wed Apr 22 22:25:27 2015] [info] Listening at "http://*:3000".
[Wed Apr 22 22:25:27 2015] [debug] GET / (Mozilla/5.0 (X11; Ubuntu; Linux i686; rv:37.0) Gecko/20100101 Firefox/37.0).
[Wed Apr 22 22:25:27 2015] [debug] Routing to controller "AcdWideWeb::Example" and action "welcome".
[Wed Apr 22 22:25:27 2015] [debug] Rendering template "example/welcome.html.ep".
[Wed Apr 22 22:25:27 2015] [debug] Rendering template "layouts/default.html.ep".
[Wed Apr 22 22:25:27 2015] [debug] 200 OK (0.153561s, 6.512/s).
[Wed Apr 22 22:25:44 2015] [info] Listening at "http://*:3000".
[Wed Apr 22 22:25:45 2015] [debug] GET / (Mozilla/5.0 (X11; Ubuntu; Linux i686; rv:37.0) Gecko/20100101 Firefox/37.0).
[Wed Apr 22 22:25:45 2015] [debug] Routing to controller "AcdWideWeb::Example" and action "welcome".
[Wed Apr 22 22:25:45 2015] [debug] Rendering template "example/welcome.html.ep".
[Wed Apr 22 22:25:45 2015] [debug] Rendering template "layouts/default.html.ep".
[Wed Apr 22 22:25:45 2015] [debug] 200 OK (0.129683s, 7.711/s).
[Wed Apr 22 22:26:43 2015] [info] Listening at "http://*:3000".
[Wed Apr 22 22:26:44 2015] [debug] GET / (Mozilla/5.0 (X11; Ubuntu; Linux i686; rv:37.0) Gecko/20100101 Firefox/37.0).
[Wed Apr 22 22:26:44 2015] [debug] Routing to controller "AcdWideWeb::Example" and action "welcome".
[Wed Apr 22 22:26:44 2015] [debug] Rendering template "example/welcome.html.ep".
[Wed Apr 22 22:26:44 2015] [debug] Rendering template "layouts/default.html.ep".
[Wed Apr 22 22:26:44 2015] [debug] 200 OK (0.149769s, 6.677/s).
[Wed Apr 22 22:55:58 2015] [info] Listening at "http://*:3000".
[Wed Apr 22 22:56:27 2015] [info] Listening at "http://*:3000".
[Wed Apr 22 22:56:29 2015] [debug] GET / (Mozilla/5.0 (X11; Ubuntu; Linux i686; rv:37.0) Gecko/20100101 Firefox/37.0).
[Wed Apr 22 22:56:29 2015] [debug] Routing to controller "AcdWideWeb::Example" and action "welcome".
[Wed Apr 22 22:56:29 2015] [debug] Rendering template "example/welcome.html.ep".
[Wed Apr 22 22:56:29 2015] [debug] Rendering template "layouts/default.html.ep".
[Wed Apr 22 22:56:29 2015] [debug] 200 OK (0.125398s, 7.975/s).
[Wed Apr 22 22:57:06 2015] [info] Listening at "http://*:3000".
[Wed Apr 22 22:57:08 2015] [debug] GET / (Mozilla/5.0 (X11; Ubuntu; Linux i686; rv:37.0) Gecko/20100101 Firefox/37.0).
[Wed Apr 22 22:57:08 2015] [debug] Routing to controller "AcdWideWeb::Example" and action "welcome".
[Wed Apr 22 22:57:08 2015] [debug] Rendering template "example/welcome.html.ep".
[Wed Apr 22 22:57:08 2015] [debug] Rendering template "layouts/default.html.ep".
[Wed Apr 22 22:57:08 2015] [debug] 200 OK (0.148722s, 6.724/s).
[Wed Apr 22 22:57:10 2015] [debug] GET / (Mozilla/5.0 (X11; Ubuntu; Linux i686; rv:37.0) Gecko/20100101 Firefox/37.0).
[Wed Apr 22 22:57:10 2015] [debug] Routing to controller "AcdWideWeb::Example" and action "welcome".
[Wed Apr 22 22:57:10 2015] [debug] Rendering cached template "example/welcome.html.ep".
[Wed Apr 22 22:57:10 2015] [debug] Rendering cached template "layouts/default.html.ep".
[Wed Apr 22 22:57:10 2015] [debug] 200 OK (0.005745s, 174.064/s).
[Wed Apr 22 22:57:27 2015] [info] Listening at "http://*:3000".
[Wed Apr 22 22:57:28 2015] [debug] GET / (Mozilla/5.0 (X11; Ubuntu; Linux i686; rv:37.0) Gecko/20100101 Firefox/37.0).
[Wed Apr 22 22:57:28 2015] [debug] Routing to controller "AcdWideWeb::Example" and action "welcome".
[Wed Apr 22 22:57:28 2015] [debug] Rendering template "example/welcome.html.ep".
[Wed Apr 22 22:57:29 2015] [debug] Rendering template "layouts/default.html.ep".
[Wed Apr 22 22:57:29 2015] [debug] 200 OK (0.146090s, 6.845/s).
[Wed Apr 22 22:57:49 2015] [debug] GET / (Mozilla/5.0 (X11; Ubuntu; Linux i686; rv:37.0) Gecko/20100101 Firefox/37.0).
[Wed Apr 22 22:57:49 2015] [debug] Routing to controller "AcdWideWeb::Example" and action "welcome".
[Wed Apr 22 22:57:49 2015] [debug] Rendering template "example/welcome.html.ep".
[Wed Apr 22 22:57:49 2015] [debug] Rendering template "layouts/default.html.ep".
[Wed Apr 22 22:57:49 2015] [debug] 200 OK (0.127634s, 7.835/s).
[Wed Apr 22 22:57:54 2015] [debug] GET / (Mozilla/5.0 (X11; Ubuntu; Linux i686; rv:37.0) Gecko/20100101 Firefox/37.0).
[Wed Apr 22 22:57:54 2015] [debug] Routing to controller "AcdWideWeb::Example" and action "welcome".
[Wed Apr 22 22:57:54 2015] [debug] Rendering cached template "example/welcome.html.ep".
[Wed Apr 22 22:57:54 2015] [debug] Rendering cached template "layouts/default.html.ep".
[Wed Apr 22 22:57:54 2015] [debug] 200 OK (0.006236s, 160.359/s).
[Wed Apr 22 22:58:09 2015] [debug] GET / (Mozilla/5.0 (X11; Ubuntu; Linux i686; rv:37.0) Gecko/20100101 Firefox/37.0).
[Wed Apr 22 22:58:09 2015] [debug] Routing to controller "AcdWideWeb::Example" and action "welcome".
[Wed Apr 22 22:58:09 2015] [debug] Rendering template "example/welcome.html.ep".
[Wed Apr 22 22:58:09 2015] [debug] Rendering template "layouts/default.html.ep".
[Wed Apr 22 22:58:09 2015] [debug] 200 OK (0.122633s, 8.154/s).
[Wed Apr 22 22:59:43 2015] [debug] GET / (Mozilla/5.0 (X11; Ubuntu; Linux i686; rv:37.0) Gecko/20100101 Firefox/37.0).
[Wed Apr 22 22:59:43 2015] [debug] Routing to controller "AcdWideWeb::Example" and action "welcome".
[Wed Apr 22 22:59:43 2015] [debug] Rendering cached template "example/welcome.html.ep".
[Wed Apr 22 22:59:43 2015] [debug] Rendering cached template "layouts/default.html.ep".
[Wed Apr 22 22:59:43 2015] [debug] 200 OK (0.007880s, 126.904/s).
[Wed Apr 22 22:59:51 2015] [debug] GET / (Mozilla/5.0 (X11; Ubuntu; Linux i686; rv:37.0) Gecko/20100101 Firefox/37.0).
[Wed Apr 22 22:59:51 2015] [debug] Routing to controller "AcdWideWeb::Example" and action "welcome".
[Wed Apr 22 22:59:51 2015] [debug] Rendering cached template "example/welcome.html.ep".
[Wed Apr 22 22:59:51 2015] [debug] Rendering cached template "layouts/default.html.ep".
[Wed Apr 22 22:59:51 2015] [debug] 200 OK (0.008521s, 117.357/s).
[Wed Apr 22 23:00:00 2015] [debug] GET / (Mozilla/5.0 (X11; Ubuntu; Linux i686; rv:37.0) Gecko/20100101 Firefox/37.0).
[Wed Apr 22 23:00:00 2015] [debug] Routing to controller "AcdWideWeb::Example" and action "welcome".
[Wed Apr 22 23:00:00 2015] [debug] Rendering cached template "example/welcome.html.ep".
[Wed Apr 22 23:00:00 2015] [debug] Rendering cached template "layouts/default.html.ep".
[Wed Apr 22 23:00:00 2015] [debug] 200 OK (0.008591s, 116.401/s).
[Wed Apr 22 23:00:34 2015] [debug] GET / (Mozilla/5.0 (X11; Ubuntu; Linux i686; rv:37.0) Gecko/20100101 Firefox/37.0).
[Wed Apr 22 23:00:34 2015] [debug] Routing to controller "AcdWideWeb::Example" and action "welcome".
[Wed Apr 22 23:00:34 2015] [debug] Rendering cached template "example/welcome.html.ep".
[Wed Apr 22 23:00:34 2015] [debug] Rendering cached template "layouts/default.html.ep".
[Wed Apr 22 23:00:34 2015] [debug] 200 OK (0.006212s, 160.979/s).
[Wed Apr 22 23:00:44 2015] [debug] GET / (Mozilla/5.0 (X11; Ubuntu; Linux i686; rv:37.0) Gecko/20100101 Firefox/37.0).
[Wed Apr 22 23:00:44 2015] [debug] Routing to controller "AcdWideWeb::Example" and action "welcome".
[Wed Apr 22 23:00:44 2015] [debug] Rendering cached template "example/welcome.html.ep".
[Wed Apr 22 23:00:44 2015] [debug] Rendering cached template "layouts/default.html.ep".
[Wed Apr 22 23:00:44 2015] [debug] 200 OK (0.006254s, 159.898/s).
[Wed Apr 22 23:01:21 2015] [debug] GET / (Mozilla/5.0 (X11; Ubuntu; Linux i686; rv:37.0) Gecko/20100101 Firefox/37.0).
[Wed Apr 22 23:01:21 2015] [debug] Routing to controller "AcdWideWeb::Example" and action "welcome".
[Wed Apr 22 23:01:21 2015] [debug] Rendering cached template "example/welcome.html.ep".
[Wed Apr 22 23:01:21 2015] [debug] Rendering cached template "layouts/default.html.ep".
[Wed Apr 22 23:01:21 2015] [debug] 200 OK (0.008378s, 119.360/s).
[Wed Apr 22 23:01:32 2015] [debug] GET / (Mozilla/5.0 (X11; Ubuntu; Linux i686; rv:37.0) Gecko/20100101 Firefox/37.0).
[Wed Apr 22 23:01:32 2015] [debug] Routing to controller "AcdWideWeb::Example" and action "welcome".
[Wed Apr 22 23:01:32 2015] [debug] Rendering cached template "example/welcome.html.ep".
[Wed Apr 22 23:01:32 2015] [debug] Rendering cached template "layouts/default.html.ep".
[Wed Apr 22 23:01:32 2015] [debug] 200 OK (0.006661s, 150.128/s).
[Wed Apr 22 23:01:38 2015] [debug] GET / (Mozilla/5.0 (X11; Ubuntu; Linux i686; rv:37.0) Gecko/20100101 Firefox/37.0).
[Wed Apr 22 23:01:38 2015] [debug] Routing to controller "AcdWideWeb::Example" and action "welcome".
[Wed Apr 22 23:01:38 2015] [debug] Rendering cached template "example/welcome.html.ep".
[Wed Apr 22 23:01:38 2015] [debug] Rendering cached template "layouts/default.html.ep".
[Wed Apr 22 23:01:38 2015] [debug] 200 OK (0.008387s, 119.232/s).
[Wed Apr 22 23:02:07 2015] [debug] GET / (Mozilla/5.0 (X11; Ubuntu; Linux i686; rv:37.0) Gecko/20100101 Firefox/37.0).
[Wed Apr 22 23:02:07 2015] [debug] Routing to controller "AcdWideWeb::Example" and action "welcome".
[Wed Apr 22 23:02:07 2015] [debug] Rendering cached template "example/welcome.html.ep".
[Wed Apr 22 23:02:07 2015] [debug] Rendering cached template "layouts/default.html.ep".
[Wed Apr 22 23:02:07 2015] [debug] 200 OK (0.008347s, 119.804/s).
[Wed Apr 22 23:02:11 2015] [debug] GET / (Mozilla/5.0 (X11; Ubuntu; Linux i686; rv:37.0) Gecko/20100101 Firefox/37.0).
[Wed Apr 22 23:02:11 2015] [debug] Routing to controller "AcdWideWeb::Example" and action "welcome".
[Wed Apr 22 23:02:11 2015] [debug] Rendering cached template "example/welcome.html.ep".
[Wed Apr 22 23:02:11 2015] [debug] Rendering cached template "layouts/default.html.ep".
[Wed Apr 22 23:02:11 2015] [debug] 200 OK (0.009960s, 100.402/s).
[Wed Apr 22 23:02:18 2015] [debug] GET / (Mozilla/5.0 (X11; Ubuntu; Linux i686; rv:37.0) Gecko/20100101 Firefox/37.0).
[Wed Apr 22 23:02:18 2015] [debug] Routing to controller "AcdWideWeb::Example" and action "welcome".
[Wed Apr 22 23:02:18 2015] [debug] Rendering cached template "example/welcome.html.ep".
[Wed Apr 22 23:02:18 2015] [debug] Rendering cached template "layouts/default.html.ep".
[Wed Apr 22 23:02:18 2015] [debug] 200 OK (0.008871s, 112.727/s).
[Wed Apr 22 23:03:05 2015] [debug] GET / (Mozilla/5.0 (X11; Ubuntu; Linux i686; rv:37.0) Gecko/20100101 Firefox/37.0).
[Wed Apr 22 23:03:05 2015] [debug] Routing to controller "AcdWideWeb::Example" and action "welcome".
[Wed Apr 22 23:03:05 2015] [debug] Rendering cached template "example/welcome.html.ep".
[Wed Apr 22 23:03:05 2015] [debug] Rendering cached template "layouts/default.html.ep".
[Wed Apr 22 23:03:05 2015] [debug] 200 OK (0.006192s, 161.499/s).
[Wed Apr 22 23:03:07 2015] [debug] GET / (Mozilla/5.0 (X11; Ubuntu; Linux i686; rv:37.0) Gecko/20100101 Firefox/37.0).
[Wed Apr 22 23:03:07 2015] [debug] Routing to controller "AcdWideWeb::Example" and action "welcome".
[Wed Apr 22 23:03:07 2015] [debug] Rendering cached template "example/welcome.html.ep".
[Wed Apr 22 23:03:07 2015] [debug] Rendering cached template "layouts/default.html.ep".
[Wed Apr 22 23:03:07 2015] [debug] 200 OK (0.009071s, 110.241/s).
[Wed Apr 22 23:03:13 2015] [debug] GET / (Mozilla/5.0 (X11; Ubuntu; Linux i686; rv:37.0) Gecko/20100101 Firefox/37.0).
[Wed Apr 22 23:03:13 2015] [debug] Routing to controller "AcdWideWeb::Example" and action "welcome".
[Wed Apr 22 23:03:13 2015] [debug] Rendering cached template "example/welcome.html.ep".
[Wed Apr 22 23:03:13 2015] [debug] Rendering cached template "layouts/default.html.ep".
[Wed Apr 22 23:03:13 2015] [debug] 200 OK (0.008595s, 116.347/s).
[Wed Apr 22 23:03:37 2015] [debug] GET / (Mozilla/5.0 (X11; Ubuntu; Linux i686; rv:37.0) Gecko/20100101 Firefox/37.0).
[Wed Apr 22 23:03:37 2015] [debug] Routing to controller "AcdWideWeb::Example" and action "welcome".
[Wed Apr 22 23:03:37 2015] [debug] Rendering cached template "example/welcome.html.ep".
[Wed Apr 22 23:03:37 2015] [debug] Rendering cached template "layouts/default.html.ep".
[Wed Apr 22 23:03:37 2015] [debug] 200 OK (0.010624s, 94.127/s).
[Wed Apr 22 23:03:59 2015] [debug] GET / (Mozilla/5.0 (X11; Ubuntu; Linux i686; rv:37.0) Gecko/20100101 Firefox/37.0).
[Wed Apr 22 23:03:59 2015] [debug] Routing to controller "AcdWideWeb::Example" and action "welcome".
[Wed Apr 22 23:03:59 2015] [debug] Rendering cached template "example/welcome.html.ep".
[Wed Apr 22 23:03:59 2015] [debug] Rendering cached template "layouts/default.html.ep".
[Wed Apr 22 23:04:00 2015] [debug] 200 OK (0.008858s, 112.892/s).
[Wed Apr 22 23:04:06 2015] [debug] GET / (Mozilla/5.0 (X11; Ubuntu; Linux i686; rv:37.0) Gecko/20100101 Firefox/37.0).
[Wed Apr 22 23:04:06 2015] [debug] Routing to controller "AcdWideWeb::Example" and action "welcome".
[Wed Apr 22 23:04:06 2015] [debug] Rendering cached template "example/welcome.html.ep".
[Wed Apr 22 23:04:06 2015] [debug] Rendering cached template "layouts/default.html.ep".
[Wed Apr 22 23:04:06 2015] [debug] 200 OK (0.007959s, 125.644/s).
[Wed Apr 22 23:04:21 2015] [debug] GET / (Mozilla/5.0 (X11; Ubuntu; Linux i686; rv:37.0) Gecko/20100101 Firefox/37.0).
[Wed Apr 22 23:04:21 2015] [debug] Routing to controller "AcdWideWeb::Example" and action "welcome".
[Wed Apr 22 23:04:21 2015] [debug] Rendering cached template "example/welcome.html.ep".
[Wed Apr 22 23:04:21 2015] [debug] Rendering cached template "layouts/default.html.ep".
[Wed Apr 22 23:04:21 2015] [debug] 200 OK (0.006451s, 155.015/s).
[Wed Apr 22 23:04:27 2015] [debug] GET / (Mozilla/5.0 (X11; Ubuntu; Linux i686; rv:37.0) Gecko/20100101 Firefox/37.0).
[Wed Apr 22 23:04:27 2015] [debug] Routing to controller "AcdWideWeb::Example" and action "welcome".
[Wed Apr 22 23:04:27 2015] [debug] Rendering cached template "example/welcome.html.ep".
[Wed Apr 22 23:04:27 2015] [debug] Rendering cached template "layouts/default.html.ep".
[Wed Apr 22 23:04:27 2015] [debug] 200 OK (0.008338s, 119.933/s).
[Wed Apr 22 23:04:33 2015] [debug] GET / (Mozilla/5.0 (X11; Ubuntu; Linux i686; rv:37.0) Gecko/20100101 Firefox/37.0).
[Wed Apr 22 23:04:33 2015] [debug] Routing to controller "AcdWideWeb::Example" and action "welcome".
[Wed Apr 22 23:04:33 2015] [debug] Rendering cached template "example/welcome.html.ep".
[Wed Apr 22 23:04:33 2015] [debug] Rendering cached template "layouts/default.html.ep".
[Wed Apr 22 23:04:33 2015] [debug] 200 OK (0.008870s, 112.740/s).
[Wed Apr 22 23:04:43 2015] [debug] GET / (Mozilla/5.0 (X11; Ubuntu; Linux i686; rv:37.0) Gecko/20100101 Firefox/37.0).
[Wed Apr 22 23:04:43 2015] [debug] Routing to controller "AcdWideWeb::Example" and action "welcome".
[Wed Apr 22 23:04:43 2015] [debug] Rendering cached template "example/welcome.html.ep".
[Wed Apr 22 23:04:43 2015] [debug] Rendering cached template "layouts/default.html.ep".
[Wed Apr 22 23:04:43 2015] [debug] 200 OK (0.008466s, 118.120/s).
[Wed Apr 22 23:06:30 2015] [debug] GET / (Mozilla/5.0 (X11; Ubuntu; Linux i686; rv:37.0) Gecko/20100101 Firefox/37.0).
[Wed Apr 22 23:06:30 2015] [debug] Routing to controller "AcdWideWeb::Example" and action "welcome".
[Wed Apr 22 23:06:30 2015] [debug] Rendering cached template "example/welcome.html.ep".
[Wed Apr 22 23:06:30 2015] [debug] Rendering cached template "layouts/default.html.ep".
[Wed Apr 22 23:06:30 2015] [debug] 200 OK (0.008491s, 117.772/s).
[Wed Apr 22 23:06:38 2015] [debug] GET / (Mozilla/5.0 (X11; Ubuntu; Linux i686; rv:37.0) Gecko/20100101 Firefox/37.0).
[Wed Apr 22 23:06:38 2015] [debug] Routing to controller "AcdWideWeb::Example" and action "welcome".
[Wed Apr 22 23:06:38 2015] [debug] Rendering cached template "example/welcome.html.ep".
[Wed Apr 22 23:06:38 2015] [debug] Rendering cached template "layouts/default.html.ep".
[Wed Apr 22 23:06:38 2015] [debug] 200 OK (0.008620s, 116.009/s).
[Wed Apr 22 23:06:46 2015] [debug] GET / (Mozilla/5.0 (X11; Ubuntu; Linux i686; rv:37.0) Gecko/20100101 Firefox/37.0).
[Wed Apr 22 23:06:46 2015] [debug] Routing to controller "AcdWideWeb::Example" and action "welcome".
[Wed Apr 22 23:06:46 2015] [debug] Rendering cached template "example/welcome.html.ep".
[Wed Apr 22 23:06:46 2015] [debug] Rendering cached template "layouts/default.html.ep".
[Wed Apr 22 23:06:46 2015] [debug] 200 OK (0.008361s, 119.603/s).
[Wed Apr 22 23:06:54 2015] [debug] GET / (Mozilla/5.0 (X11; Ubuntu; Linux i686; rv:37.0) Gecko/20100101 Firefox/37.0).
[Wed Apr 22 23:06:54 2015] [debug] Routing to controller "AcdWideWeb::Example" and action "welcome".
[Wed Apr 22 23:06:54 2015] [debug] Rendering cached template "example/welcome.html.ep".
[Wed Apr 22 23:06:54 2015] [debug] Rendering cached template "layouts/default.html.ep".
[Wed Apr 22 23:06:54 2015] [debug] 200 OK (0.008389s, 119.204/s).
[Wed Apr 22 23:06:59 2015] [debug] GET / (Mozilla/5.0 (X11; Ubuntu; Linux i686; rv:37.0) Gecko/20100101 Firefox/37.0).
[Wed Apr 22 23:06:59 2015] [debug] Routing to controller "AcdWideWeb::Example" and action "welcome".
[Wed Apr 22 23:06:59 2015] [debug] Rendering cached template "example/welcome.html.ep".
[Wed Apr 22 23:06:59 2015] [debug] Rendering cached template "layouts/default.html.ep".
[Wed Apr 22 23:06:59 2015] [debug] 200 OK (0.012052s, 82.974/s).
[Wed Apr 22 23:08:50 2015] [debug] GET / (Mozilla/5.0 (X11; Ubuntu; Linux i686; rv:37.0) Gecko/20100101 Firefox/37.0).
[Wed Apr 22 23:08:50 2015] [debug] Routing to controller "AcdWideWeb::Example" and action "welcome".
[Wed Apr 22 23:08:50 2015] [debug] Rendering cached template "example/welcome.html.ep".
[Wed Apr 22 23:08:50 2015] [debug] Rendering cached template "layouts/default.html.ep".
[Wed Apr 22 23:08:50 2015] [debug] 200 OK (0.011925s, 83.857/s).
[Wed Apr 22 23:09:01 2015] [debug] GET / (Mozilla/5.0 (X11; Ubuntu; Linux i686; rv:37.0) Gecko/20100101 Firefox/37.0).
[Wed Apr 22 23:09:01 2015] [debug] Routing to controller "AcdWideWeb::Example" and action "welcome".
[Wed Apr 22 23:09:01 2015] [debug] Rendering cached template "example/welcome.html.ep".
[Wed Apr 22 23:09:01 2015] [debug] Rendering cached template "layouts/default.html.ep".
[Wed Apr 22 23:09:01 2015] [debug] 200 OK (0.018533s, 53.958/s).
[Wed Apr 22 23:09:10 2015] [debug] GET / (Mozilla/5.0 (X11; Ubuntu; Linux i686; rv:37.0) Gecko/20100101 Firefox/37.0).
[Wed Apr 22 23:09:10 2015] [debug] Routing to controller "AcdWideWeb::Example" and action "welcome".
[Wed Apr 22 23:09:10 2015] [debug] Rendering cached template "example/welcome.html.ep".
[Wed Apr 22 23:09:10 2015] [debug] Rendering cached template "layouts/default.html.ep".
[Wed Apr 22 23:09:10 2015] [debug] 200 OK (0.008336s, 119.962/s).
[Wed Apr 22 23:09:20 2015] [debug] GET / (Mozilla/5.0 (X11; Ubuntu; Linux i686; rv:37.0) Gecko/20100101 Firefox/37.0).
[Wed Apr 22 23:09:20 2015] [debug] Routing to controller "AcdWideWeb::Example" and action "welcome".
[Wed Apr 22 23:09:20 2015] [debug] Rendering cached template "example/welcome.html.ep".
[Wed Apr 22 23:09:20 2015] [debug] Rendering cached template "layouts/default.html.ep".
[Wed Apr 22 23:09:20 2015] [debug] 200 OK (0.008380s, 119.332/s).
[Wed Apr 22 23:09:39 2015] [debug] GET / (Mozilla/5.0 (X11; Ubuntu; Linux i686; rv:37.0) Gecko/20100101 Firefox/37.0).
[Wed Apr 22 23:09:39 2015] [debug] Routing to controller "AcdWideWeb::Example" and action "welcome".
[Wed Apr 22 23:09:39 2015] [debug] Rendering cached template "example/welcome.html.ep".
[Wed Apr 22 23:09:39 2015] [debug] Rendering cached template "layouts/default.html.ep".
[Wed Apr 22 23:09:39 2015] [debug] 200 OK (0.009172s, 109.027/s).
[Wed Apr 22 23:10:24 2015] [debug] GET / (Mozilla/5.0 (X11; Ubuntu; Linux i686; rv:37.0) Gecko/20100101 Firefox/37.0).
[Wed Apr 22 23:10:24 2015] [debug] Routing to controller "AcdWideWeb::Example" and action "welcome".
[Wed Apr 22 23:10:24 2015] [debug] Rendering cached template "example/welcome.html.ep".
[Wed Apr 22 23:10:24 2015] [debug] Rendering cached template "layouts/default.html.ep".
[Wed Apr 22 23:10:24 2015] [debug] 200 OK (0.008996s, 111.161/s).
[Wed Apr 22 23:10:34 2015] [debug] GET / (Mozilla/5.0 (X11; Ubuntu; Linux i686; rv:37.0) Gecko/20100101 Firefox/37.0).
[Wed Apr 22 23:10:34 2015] [debug] Routing to controller "AcdWideWeb::Example" and action "welcome".
[Wed Apr 22 23:10:34 2015] [debug] Rendering cached template "example/welcome.html.ep".
[Wed Apr 22 23:10:34 2015] [debug] Rendering cached template "layouts/default.html.ep".
[Wed Apr 22 23:10:34 2015] [debug] 200 OK (0.008377s, 119.374/s).
[Wed Apr 22 23:10:48 2015] [debug] GET / (Mozilla/5.0 (X11; Ubuntu; Linux i686; rv:37.0) Gecko/20100101 Firefox/37.0).
[Wed Apr 22 23:10:48 2015] [debug] Routing to controller "AcdWideWeb::Example" and action "welcome".
[Wed Apr 22 23:10:48 2015] [debug] Rendering cached template "example/welcome.html.ep".
[Wed Apr 22 23:10:48 2015] [debug] Rendering cached template "layouts/default.html.ep".
[Wed Apr 22 23:10:48 2015] [debug] 200 OK (0.008474s, 118.008/s).
[Wed Apr 22 23:10:52 2015] [debug] GET / (Mozilla/5.0 (X11; Ubuntu; Linux i686; rv:37.0) Gecko/20100101 Firefox/37.0).
[Wed Apr 22 23:10:52 2015] [debug] Routing to controller "AcdWideWeb::Example" and action "welcome".
[Wed Apr 22 23:10:52 2015] [debug] Rendering cached template "example/welcome.html.ep".
[Wed Apr 22 23:10:52 2015] [debug] Rendering cached template "layouts/default.html.ep".
[Wed Apr 22 23:10:52 2015] [debug] 200 OK (0.008234s, 121.448/s).
[Wed Apr 22 23:10:57 2015] [debug] GET / (Mozilla/5.0 (X11; Ubuntu; Linux i686; rv:37.0) Gecko/20100101 Firefox/37.0).
[Wed Apr 22 23:10:57 2015] [debug] Routing to controller "AcdWideWeb::Example" and action "welcome".
[Wed Apr 22 23:10:57 2015] [debug] Rendering cached template "example/welcome.html.ep".
[Wed Apr 22 23:10:57 2015] [debug] Rendering cached template "layouts/default.html.ep".
[Wed Apr 22 23:10:57 2015] [debug] 200 OK (0.008475s, 117.994/s).
[Wed Apr 22 23:10:57 2015] [debug] GET / (Mozilla/5.0 (X11; Ubuntu; Linux i686; rv:37.0) Gecko/20100101 Firefox/37.0).
[Wed Apr 22 23:10:57 2015] [debug] Routing to controller "AcdWideWeb::Example" and action "welcome".
[Wed Apr 22 23:10:57 2015] [debug] Rendering cached template "example/welcome.html.ep".
[Wed Apr 22 23:10:57 2015] [debug] Rendering cached template "layouts/default.html.ep".
[Wed Apr 22 23:10:57 2015] [debug] 200 OK (0.014419s, 69.353/s).
[Wed Apr 22 23:11:31 2015] [debug] GET / (Mozilla/5.0 (X11; Ubuntu; Linux i686; rv:37.0) Gecko/20100101 Firefox/37.0).
[Wed Apr 22 23:11:31 2015] [debug] Routing to controller "AcdWideWeb::Example" and action "welcome".
[Wed Apr 22 23:11:31 2015] [debug] Rendering cached template "example/welcome.html.ep".
[Wed Apr 22 23:11:31 2015] [debug] Rendering cached template "layouts/default.html.ep".
[Wed Apr 22 23:11:31 2015] [debug] 200 OK (0.008512s, 117.481/s).
[Wed Apr 22 23:11:46 2015] [debug] GET / (Mozilla/5.0 (X11; Ubuntu; Linux i686; rv:37.0) Gecko/20100101 Firefox/37.0).
[Wed Apr 22 23:11:46 2015] [debug] Routing to controller "AcdWideWeb::Example" and action "welcome".
[Wed Apr 22 23:11:46 2015] [debug] Rendering cached template "example/welcome.html.ep".
[Wed Apr 22 23:11:46 2015] [debug] Rendering cached template "layouts/default.html.ep".
[Wed Apr 22 23:11:46 2015] [debug] 200 OK (0.008436s, 118.540/s).
[Wed Apr 22 23:12:12 2015] [debug] GET / (Mozilla/5.0 (X11; Ubuntu; Linux i686; rv:37.0) Gecko/20100101 Firefox/37.0).
[Wed Apr 22 23:12:12 2015] [debug] Routing to controller "AcdWideWeb::Example" and action "welcome".
[Wed Apr 22 23:12:12 2015] [debug] Rendering cached template "example/welcome.html.ep".
[Wed Apr 22 23:12:12 2015] [debug] Rendering cached template "layouts/default.html.ep".
[Wed Apr 22 23:12:12 2015] [debug] 200 OK (0.008326s, 120.106/s).
[Wed Apr 22 23:12:12 2015] [debug] GET / (Mozilla/5.0 (X11; Ubuntu; Linux i686; rv:37.0) Gecko/20100101 Firefox/37.0).
[Wed Apr 22 23:12:12 2015] [debug] Routing to controller "AcdWideWeb::Example" and action "welcome".
[Wed Apr 22 23:12:12 2015] [debug] Rendering cached template "example/welcome.html.ep".
[Wed Apr 22 23:12:12 2015] [debug] Rendering cached template "layouts/default.html.ep".
[Wed Apr 22 23:12:12 2015] [debug] 200 OK (0.007814s, 127.975/s).
[Wed Apr 22 23:13:43 2015] [debug] GET / (Mozilla/5.0 (X11; Ubuntu; Linux i686; rv:37.0) Gecko/20100101 Firefox/37.0).
[Wed Apr 22 23:13:43 2015] [debug] Routing to controller "AcdWideWeb::Example" and action "welcome".
[Wed Apr 22 23:13:43 2015] [debug] Rendering template "example/welcome.html.ep".
[Wed Apr 22 23:13:43 2015] [debug] Rendering template "layouts/default.html.ep".
[Wed Apr 22 23:13:43 2015] [debug] 200 OK (0.145337s, 6.881/s).
[Wed Apr 22 23:14:05 2015] [debug] GET / (Mozilla/5.0 (X11; Ubuntu; Linux i686; rv:37.0) Gecko/20100101 Firefox/37.0).
[Wed Apr 22 23:14:05 2015] [debug] Routing to controller "AcdWideWeb::Example" and action "welcome".
[Wed Apr 22 23:14:05 2015] [debug] Rendering template "example/welcome.html.ep".
[Wed Apr 22 23:14:06 2015] [debug] Rendering template "layouts/default.html.ep".
[Wed Apr 22 23:14:06 2015] [debug] 200 OK (0.133782s, 7.475/s).
[Wed Apr 22 23:17:14 2015] [debug] GET / (Mozilla/5.0 (X11; Ubuntu; Linux i686; rv:37.0) Gecko/20100101 Firefox/37.0).
[Wed Apr 22 23:17:14 2015] [debug] Routing to controller "AcdWideWeb::Example" and action "welcome".
[Wed Apr 22 23:17:14 2015] [debug] Rendering template "example/welcome.html.ep".
[Wed Apr 22 23:17:14 2015] [debug] Rendering template "layouts/default.html.ep".
[Wed Apr 22 23:17:14 2015] [debug] 200 OK (0.145995s, 6.850/s).
[Wed Apr 22 23:17:49 2015] [debug] GET / (Mozilla/5.0 (X11; Ubuntu; Linux i686; rv:37.0) Gecko/20100101 Firefox/37.0).
[Wed Apr 22 23:17:49 2015] [debug] Routing to controller "AcdWideWeb::Example" and action "welcome".
[Wed Apr 22 23:17:49 2015] [debug] Rendering template "example/welcome.html.ep".
[Wed Apr 22 23:17:49 2015] [debug] Rendering template "layouts/default.html.ep".
[Wed Apr 22 23:17:49 2015] [debug] 200 OK (0.134460s, 7.437/s).
[Wed Apr 22 23:18:33 2015] [debug] GET / (Mozilla/5.0 (X11; Ubuntu; Linux i686; rv:37.0) Gecko/20100101 Firefox/37.0).
[Wed Apr 22 23:18:33 2015] [debug] Routing to controller "AcdWideWeb::Example" and action "welcome".
[Wed Apr 22 23:18:33 2015] [debug] Rendering template "example/welcome.html.ep".
[Wed Apr 22 23:18:33 2015] [debug] Rendering template "layouts/default.html.ep".
[Wed Apr 22 23:18:33 2015] [debug] 200 OK (0.133110s, 7.513/s).
[Wed Apr 22 23:18:48 2015] [debug] GET / (Mozilla/5.0 (X11; Ubuntu; Linux i686; rv:37.0) Gecko/20100101 Firefox/37.0).
[Wed Apr 22 23:18:48 2015] [debug] Routing to controller "AcdWideWeb::Example" and action "welcome".
[Wed Apr 22 23:18:48 2015] [debug] Rendering template "example/welcome.html.ep".
[Wed Apr 22 23:18:49 2015] [debug] Rendering template "layouts/default.html.ep".
[Wed Apr 22 23:18:49 2015] [debug] 200 OK (0.144353s, 6.927/s).
[Wed Apr 22 23:18:53 2015] [debug] GET / (Mozilla/5.0 (X11; Ubuntu; Linux i686; rv:37.0) Gecko/20100101 Firefox/37.0).
[Wed Apr 22 23:18:53 2015] [debug] Routing to controller "AcdWideWeb::Example" and action "welcome".
[Wed Apr 22 23:18:53 2015] [debug] Rendering template "example/welcome.html.ep".
[Wed Apr 22 23:18:53 2015] [debug] Rendering template "layouts/default.html.ep".
[Wed Apr 22 23:18:53 2015] [debug] 200 OK (0.133276s, 7.503/s).
[Wed Apr 22 23:19:40 2015] [debug] GET / (Mozilla/5.0 (X11; Ubuntu; Linux i686; rv:37.0) Gecko/20100101 Firefox/37.0).
[Wed Apr 22 23:19:40 2015] [debug] Routing to controller "AcdWideWeb::Example" and action "welcome".
[Wed Apr 22 23:19:40 2015] [debug] Rendering template "example/welcome.html.ep".
[Wed Apr 22 23:19:40 2015] [debug] Rendering template "layouts/default.html.ep".
[Wed Apr 22 23:19:40 2015] [debug] 200 OK (0.136174s, 7.344/s).
[Wed Apr 22 23:20:06 2015] [debug] GET / (Mozilla/5.0 (X11; Ubuntu; Linux i686; rv:37.0) Gecko/20100101 Firefox/37.0).
[Wed Apr 22 23:20:06 2015] [debug] Routing to controller "AcdWideWeb::Example" and action "welcome".
[Wed Apr 22 23:20:06 2015] [debug] Rendering template "example/welcome.html.ep".
[Wed Apr 22 23:20:06 2015] [debug] Rendering template "layouts/default.html.ep".
[Wed Apr 22 23:20:06 2015] [debug] 200 OK (0.173113s, 5.777/s).
[Wed Apr 22 23:20:20 2015] [debug] GET / (Mozilla/5.0 (X11; Ubuntu; Linux i686; rv:37.0) Gecko/20100101 Firefox/37.0).
[Wed Apr 22 23:20:20 2015] [debug] Routing to controller "AcdWideWeb::Example" and action "welcome".
[Wed Apr 22 23:20:20 2015] [debug] Rendering template "example/welcome.html.ep".
[Wed Apr 22 23:20:20 2015] [debug] Rendering template "layouts/default.html.ep".
[Wed Apr 22 23:20:20 2015] [debug] 200 OK (0.156745s, 6.380/s).
[Wed Apr 22 23:21:06 2015] [debug] GET / (Mozilla/5.0 (X11; Ubuntu; Linux i686; rv:37.0) Gecko/20100101 Firefox/37.0).
[Wed Apr 22 23:21:06 2015] [debug] Routing to controller "AcdWideWeb::Example" and action "welcome".
[Wed Apr 22 23:21:06 2015] [debug] Rendering template "example/welcome.html.ep".
[Wed Apr 22 23:21:06 2015] [debug] Rendering template "layouts/default.html.ep".
[Wed Apr 22 23:21:06 2015] [debug] 200 OK (0.132590s, 7.542/s).
[Wed Apr 22 23:21:10 2015] [debug] GET / (Mozilla/5.0 (X11; Ubuntu; Linux i686; rv:37.0) Gecko/20100101 Firefox/37.0).
[Wed Apr 22 23:21:10 2015] [debug] Routing to controller "AcdWideWeb::Example" and action "welcome".
[Wed Apr 22 23:21:10 2015] [debug] Rendering cached template "example/welcome.html.ep".
[Wed Apr 22 23:21:10 2015] [debug] Rendering cached template "layouts/default.html.ep".
[Wed Apr 22 23:21:10 2015] [debug] 200 OK (0.008412s, 118.878/s).
[Wed Apr 22 23:21:11 2015] [debug] GET / (Mozilla/5.0 (X11; Ubuntu; Linux i686; rv:37.0) Gecko/20100101 Firefox/37.0).
[Wed Apr 22 23:21:11 2015] [debug] Routing to controller "AcdWideWeb::Example" and action "welcome".
[Wed Apr 22 23:21:11 2015] [debug] Rendering cached template "example/welcome.html.ep".
[Wed Apr 22 23:21:11 2015] [debug] Rendering cached template "layouts/default.html.ep".
[Wed Apr 22 23:21:11 2015] [debug] 200 OK (0.008683s, 115.168/s).
[Wed Apr 22 23:21:12 2015] [debug] GET / (Mozilla/5.0 (X11; Ubuntu; Linux i686; rv:37.0) Gecko/20100101 Firefox/37.0).
[Wed Apr 22 23:21:12 2015] [debug] Routing to controller "AcdWideWeb::Example" and action "welcome".
[Wed Apr 22 23:21:12 2015] [debug] Rendering cached template "example/welcome.html.ep".
[Wed Apr 22 23:21:12 2015] [debug] Rendering cached template "layouts/default.html.ep".
[Wed Apr 22 23:21:12 2015] [debug] 200 OK (0.008127s, 123.047/s).
[Wed Apr 22 23:21:12 2015] [debug] GET / (Mozilla/5.0 (X11; Ubuntu; Linux i686; rv:37.0) Gecko/20100101 Firefox/37.0).
[Wed Apr 22 23:21:12 2015] [debug] Routing to controller "AcdWideWeb::Example" and action "welcome".
[Wed Apr 22 23:21:12 2015] [debug] Rendering cached template "example/welcome.html.ep".
[Wed Apr 22 23:21:12 2015] [debug] Rendering cached template "layouts/default.html.ep".
[Wed Apr 22 23:21:12 2015] [debug] 200 OK (0.008226s, 121.566/s).
[Wed Apr 22 23:21:13 2015] [debug] GET / (Mozilla/5.0 (X11; Ubuntu; Linux i686; rv:37.0) Gecko/20100101 Firefox/37.0).
[Wed Apr 22 23:21:13 2015] [debug] Routing to controller "AcdWideWeb::Example" and action "welcome".
[Wed Apr 22 23:21:13 2015] [debug] Rendering cached template "example/welcome.html.ep".
[Wed Apr 22 23:21:13 2015] [debug] Rendering cached template "layouts/default.html.ep".
[Wed Apr 22 23:21:13 2015] [debug] 200 OK (0.008170s, 122.399/s).
[Wed Apr 22 23:21:13 2015] [debug] GET / (Mozilla/5.0 (X11; Ubuntu; Linux i686; rv:37.0) Gecko/20100101 Firefox/37.0).
[Wed Apr 22 23:21:13 2015] [debug] Routing to controller "AcdWideWeb::Example" and action "welcome".
[Wed Apr 22 23:21:13 2015] [debug] Rendering cached template "example/welcome.html.ep".
[Wed Apr 22 23:21:13 2015] [debug] Rendering cached template "layouts/default.html.ep".
[Wed Apr 22 23:21:13 2015] [debug] 200 OK (0.009023s, 110.828/s).
[Wed Apr 22 23:21:13 2015] [debug] GET / (Mozilla/5.0 (X11; Ubuntu; Linux i686; rv:37.0) Gecko/20100101 Firefox/37.0).
[Wed Apr 22 23:21:13 2015] [debug] Routing to controller "AcdWideWeb::Example" and action "welcome".
[Wed Apr 22 23:21:13 2015] [debug] Rendering cached template "example/welcome.html.ep".
[Wed Apr 22 23:21:13 2015] [debug] Rendering cached template "layouts/default.html.ep".
[Wed Apr 22 23:21:13 2015] [debug] 200 OK (0.008469s, 118.078/s).
[Wed Apr 22 23:21:13 2015] [debug] GET / (Mozilla/5.0 (X11; Ubuntu; Linux i686; rv:37.0) Gecko/20100101 Firefox/37.0).
[Wed Apr 22 23:21:13 2015] [debug] Routing to controller "AcdWideWeb::Example" and action "welcome".
[Wed Apr 22 23:21:13 2015] [debug] Rendering cached template "example/welcome.html.ep".
[Wed Apr 22 23:21:13 2015] [debug] Rendering cached template "layouts/default.html.ep".
[Wed Apr 22 23:21:13 2015] [debug] 200 OK (0.009260s, 107.991/s).
[Wed Apr 22 23:21:13 2015] [debug] GET / (Mozilla/5.0 (X11; Ubuntu; Linux i686; rv:37.0) Gecko/20100101 Firefox/37.0).
[Wed Apr 22 23:21:13 2015] [debug] Routing to controller "AcdWideWeb::Example" and action "welcome".
[Wed Apr 22 23:21:13 2015] [debug] Rendering cached template "example/welcome.html.ep".
[Wed Apr 22 23:21:13 2015] [debug] Rendering cached template "layouts/default.html.ep".
[Wed Apr 22 23:21:13 2015] [debug] 200 OK (0.008438s, 118.511/s).
[Wed Apr 22 23:21:15 2015] [debug] GET / (Mozilla/5.0 (X11; Ubuntu; Linux i686; rv:37.0) Gecko/20100101 Firefox/37.0).
[Wed Apr 22 23:21:15 2015] [debug] Routing to controller "AcdWideWeb::Example" and action "welcome".
[Wed Apr 22 23:21:15 2015] [debug] Rendering cached template "example/welcome.html.ep".
[Wed Apr 22 23:21:15 2015] [debug] Rendering cached template "layouts/default.html.ep".
[Wed Apr 22 23:21:15 2015] [debug] 200 OK (0.009072s, 110.229/s).
[Wed Apr 22 23:21:59 2015] [debug] GET / (Mozilla/5.0 (X11; Ubuntu; Linux i686; rv:37.0) Gecko/20100101 Firefox/37.0).
[Wed Apr 22 23:21:59 2015] [debug] Routing to controller "AcdWideWeb::Example" and action "welcome".
[Wed Apr 22 23:21:59 2015] [debug] Rendering template "example/welcome.html.ep".
[Wed Apr 22 23:21:59 2015] [debug] Rendering template "layouts/default.html.ep".
[Wed Apr 22 23:21:59 2015] [debug] 200 OK (0.125861s, 7.945/s).
[Wed Apr 22 23:22:10 2015] [debug] GET / (Mozilla/5.0 (X11; Ubuntu; Linux i686; rv:37.0) Gecko/20100101 Firefox/37.0).
[Wed Apr 22 23:22:10 2015] [debug] Routing to controller "AcdWideWeb::Example" and action "welcome".
[Wed Apr 22 23:22:10 2015] [debug] Rendering template "example/welcome.html.ep".
[Wed Apr 22 23:22:10 2015] [debug] Rendering template "layouts/default.html.ep".
[Wed Apr 22 23:22:10 2015] [debug] 200 OK (0.126465s, 7.907/s).
[Wed Apr 22 23:22:12 2015] [debug] GET / (Mozilla/5.0 (X11; Ubuntu; Linux i686; rv:37.0) Gecko/20100101 Firefox/37.0).
[Wed Apr 22 23:22:12 2015] [debug] Routing to controller "AcdWideWeb::Example" and action "welcome".
[Wed Apr 22 23:22:12 2015] [debug] Rendering template "example/welcome.html.ep".
[Wed Apr 22 23:22:12 2015] [debug] Rendering template "layouts/default.html.ep".
[Wed Apr 22 23:22:12 2015] [debug] 200 OK (0.137208s, 7.288/s).
[Wed Apr 22 23:25:23 2015] [debug] GET / (Mozilla/5.0 (X11; Ubuntu; Linux i686; rv:37.0) Gecko/20100101 Firefox/37.0).
[Wed Apr 22 23:25:23 2015] [debug] Routing to controller "AcdWideWeb::Example" and action "welcome".
[Wed Apr 22 23:25:23 2015] [debug] Rendering template "example/welcome.html.ep".
[Wed Apr 22 23:25:23 2015] [debug] Rendering template "layouts/default.html.ep".
[Wed Apr 22 23:25:23 2015] [debug] 200 OK (0.114361s, 8.744/s).
[Wed Apr 22 23:25:25 2015] [debug] GET / (Mozilla/5.0 (X11; Ubuntu; Linux i686; rv:37.0) Gecko/20100101 Firefox/37.0).
[Wed Apr 22 23:25:25 2015] [debug] Routing to controller "AcdWideWeb::Example" and action "welcome".
[Wed Apr 22 23:25:25 2015] [debug] Rendering cached template "example/welcome.html.ep".
[Wed Apr 22 23:25:25 2015] [debug] Rendering cached template "layouts/default.html.ep".
[Wed Apr 22 23:25:25 2015] [debug] 200 OK (0.008238s, 121.389/s).
[Wed Apr 22 23:26:11 2015] [debug] GET / (Mozilla/5.0 (X11; Ubuntu; Linux i686; rv:37.0) Gecko/20100101 Firefox/37.0).
[Wed Apr 22 23:26:11 2015] [debug] Routing to controller "AcdWideWeb::Example" and action "welcome".
[Wed Apr 22 23:26:11 2015] [debug] Rendering template "example/welcome.html.ep".
[Wed Apr 22 23:26:11 2015] [debug] Rendering template "layouts/default.html.ep".
[Wed Apr 22 23:26:11 2015] [debug] 200 OK (0.115982s, 8.622/s).
[Wed Apr 22 23:26:52 2015] [debug] GET / (Mozilla/5.0 (X11; Ubuntu; Linux i686; rv:37.0) Gecko/20100101 Firefox/37.0).
[Wed Apr 22 23:26:52 2015] [debug] Routing to controller "AcdWideWeb::Example" and action "welcome".
[Wed Apr 22 23:26:52 2015] [debug] Rendering cached template "example/welcome.html.ep".
[Wed Apr 22 23:26:53 2015] [debug] Rendering cached template "layouts/default.html.ep".
[Wed Apr 22 23:26:53 2015] [debug] 200 OK (0.009042s, 110.595/s).
[Wed Apr 22 23:27:39 2015] [debug] GET / (Mozilla/5.0 (X11; Ubuntu; Linux i686; rv:37.0) Gecko/20100101 Firefox/37.0).
[Wed Apr 22 23:27:39 2015] [debug] Routing to controller "AcdWideWeb::Example" and action "welcome".
[Wed Apr 22 23:27:39 2015] [debug] Rendering cached template "example/welcome.html.ep".
[Wed Apr 22 23:27:39 2015] [debug] Rendering cached template "layouts/default.html.ep".
[Wed Apr 22 23:27:39 2015] [debug] 200 OK (0.008466s, 118.120/s).
[Wed Apr 22 23:27:49 2015] [debug] GET / (Mozilla/5.0 (X11; Ubuntu; Linux i686; rv:37.0) Gecko/20100101 Firefox/37.0).
[Wed Apr 22 23:27:49 2015] [debug] Routing to controller "AcdWideWeb::Example" and action "welcome".
[Wed Apr 22 23:27:49 2015] [debug] Rendering cached template "example/welcome.html.ep".
[Wed Apr 22 23:27:49 2015] [debug] Rendering cached template "layouts/default.html.ep".
[Wed Apr 22 23:27:49 2015] [debug] 200 OK (0.008269s, 120.934/s).
[Wed Apr 22 23:27:54 2015] [debug] GET / (Mozilla/5.0 (X11; Ubuntu; Linux i686; rv:37.0) Gecko/20100101 Firefox/37.0).
[Wed Apr 22 23:27:54 2015] [debug] Routing to controller "AcdWideWeb::Example" and action "welcome".
[Wed Apr 22 23:27:54 2015] [debug] Rendering cached template "example/welcome.html.ep".
[Wed Apr 22 23:27:54 2015] [debug] Rendering cached template "layouts/default.html.ep".
[Wed Apr 22 23:27:54 2015] [debug] 200 OK (0.008298s, 120.511/s).
[Wed Apr 22 23:28:15 2015] [debug] GET / (Mozilla/5.0 (X11; Ubuntu; Linux i686; rv:37.0) Gecko/20100101 Firefox/37.0).
[Wed Apr 22 23:28:15 2015] [debug] Routing to controller "AcdWideWeb::Example" and action "welcome".
[Wed Apr 22 23:28:15 2015] [debug] Rendering cached template "example/welcome.html.ep".
[Wed Apr 22 23:28:15 2015] [debug] Rendering cached template "layouts/default.html.ep".
[Wed Apr 22 23:28:15 2015] [debug] 200 OK (0.008357s, 119.660/s).
[Wed Apr 22 23:28:28 2015] [debug] GET / (Mozilla/5.0 (X11; Ubuntu; Linux i686; rv:37.0) Gecko/20100101 Firefox/37.0).
[Wed Apr 22 23:28:28 2015] [debug] Routing to controller "AcdWideWeb::Example" and action "welcome".
[Wed Apr 22 23:28:28 2015] [debug] Rendering cached template "example/welcome.html.ep".
[Wed Apr 22 23:28:28 2015] [debug] Rendering cached template "layouts/default.html.ep".
[Wed Apr 22 23:28:28 2015] [debug] 200 OK (0.008544s, 117.041/s).
[Wed Apr 22 23:28:37 2015] [debug] GET / (Mozilla/5.0 (X11; Ubuntu; Linux i686; rv:37.0) Gecko/20100101 Firefox/37.0).
[Wed Apr 22 23:28:37 2015] [debug] Routing to controller "AcdWideWeb::Example" and action "welcome".
[Wed Apr 22 23:28:37 2015] [debug] Rendering cached template "example/welcome.html.ep".
[Wed Apr 22 23:28:37 2015] [debug] Rendering cached template "layouts/default.html.ep".
[Wed Apr 22 23:28:37 2015] [debug] 200 OK (0.006350s, 157.480/s).
[Wed Apr 22 23:28:53 2015] [debug] GET / (Mozilla/5.0 (X11; Ubuntu; Linux i686; rv:37.0) Gecko/20100101 Firefox/37.0).
[Wed Apr 22 23:28:53 2015] [debug] Routing to controller "AcdWideWeb::Example" and action "welcome".
[Wed Apr 22 23:28:53 2015] [debug] Rendering cached template "example/welcome.html.ep".
[Wed Apr 22 23:28:53 2015] [debug] Rendering cached template "layouts/default.html.ep".
[Wed Apr 22 23:28:53 2015] [debug] 200 OK (0.013233s, 75.569/s).
[Wed Apr 22 23:29:12 2015] [debug] GET / (Mozilla/5.0 (X11; Ubuntu; Linux i686; rv:37.0) Gecko/20100101 Firefox/37.0).
[Wed Apr 22 23:29:12 2015] [debug] Routing to controller "AcdWideWeb::Example" and action "welcome".
[Wed Apr 22 23:29:12 2015] [debug] Rendering cached template "example/welcome.html.ep".
[Wed Apr 22 23:29:12 2015] [debug] Rendering cached template "layouts/default.html.ep".
[Wed Apr 22 23:29:12 2015] [debug] 200 OK (0.008439s, 118.497/s).
[Wed Apr 22 23:31:29 2015] [debug] GET / (Mozilla/5.0 (X11; Ubuntu; Linux i686; rv:37.0) Gecko/20100101 Firefox/37.0).
[Wed Apr 22 23:31:29 2015] [debug] Routing to controller "AcdWideWeb::Example" and action "welcome".
[Wed Apr 22 23:31:29 2015] [debug] Rendering template "example/welcome.html.ep".
[Wed Apr 22 23:31:30 2015] [debug] Rendering template "layouts/default.html.ep".
[Wed Apr 22 23:31:30 2015] [debug] 200 OK (0.118440s, 8.443/s).
[Wed Apr 22 23:31:40 2015] [debug] GET / (Mozilla/5.0 (X11; Ubuntu; Linux i686; rv:37.0) Gecko/20100101 Firefox/37.0).
[Wed Apr 22 23:31:40 2015] [debug] Routing to controller "AcdWideWeb::Example" and action "welcome".
[Wed Apr 22 23:31:40 2015] [debug] Rendering cached template "example/welcome.html.ep".
[Wed Apr 22 23:31:40 2015] [debug] Rendering cached template "layouts/default.html.ep".
[Wed Apr 22 23:31:40 2015] [debug] 200 OK (0.008250s, 121.212/s).
[Wed Apr 22 23:31:46 2015] [debug] GET / (Mozilla/5.0 (X11; Ubuntu; Linux i686; rv:37.0) Gecko/20100101 Firefox/37.0).
[Wed Apr 22 23:31:46 2015] [debug] Routing to controller "AcdWideWeb::Example" and action "welcome".
[Wed Apr 22 23:31:46 2015] [debug] Rendering cached template "example/welcome.html.ep".
[Wed Apr 22 23:31:46 2015] [debug] Rendering cached template "layouts/default.html.ep".
[Wed Apr 22 23:31:46 2015] [debug] 200 OK (0.008370s, 119.474/s).
[Wed Apr 22 23:32:04 2015] [debug] GET / (Mozilla/5.0 (X11; Ubuntu; Linux i686; rv:37.0) Gecko/20100101 Firefox/37.0).
[Wed Apr 22 23:32:04 2015] [debug] Routing to controller "AcdWideWeb::Example" and action "welcome".
[Wed Apr 22 23:32:04 2015] [debug] Rendering template "example/welcome.html.ep".
[Wed Apr 22 23:32:04 2015] [debug] Rendering template "layouts/default.html.ep".
[Wed Apr 22 23:32:04 2015] [debug] 200 OK (0.126750s, 7.890/s).
[Wed Apr 22 23:33:09 2015] [debug] GET / (Mozilla/5.0 (X11; Ubuntu; Linux i686; rv:37.0) Gecko/20100101 Firefox/37.0).
[Wed Apr 22 23:33:09 2015] [debug] Routing to controller "AcdWideWeb::Example" and action "welcome".
[Wed Apr 22 23:33:09 2015] [debug] Rendering template "example/welcome.html.ep".
[Wed Apr 22 23:33:09 2015] [debug] Rendering template "layouts/default.html.ep".
[Wed Apr 22 23:33:09 2015] [debug] 200 OK (0.124867s, 8.009/s).
[Wed Apr 22 23:33:34 2015] [debug] GET / (Mozilla/5.0 (X11; Ubuntu; Linux i686; rv:37.0) Gecko/20100101 Firefox/37.0).
[Wed Apr 22 23:33:34 2015] [debug] Routing to controller "AcdWideWeb::Example" and action "welcome".
[Wed Apr 22 23:33:34 2015] [debug] Rendering template "example/welcome.html.ep".
[Wed Apr 22 23:33:34 2015] [debug] Rendering template "layouts/default.html.ep".
[Wed Apr 22 23:33:34 2015] [debug] 200 OK (0.123699s, 8.084/s).
[Wed Apr 22 23:33:55 2015] [debug] GET / (Mozilla/5.0 (X11; Ubuntu; Linux i686; rv:37.0) Gecko/20100101 Firefox/37.0).
[Wed Apr 22 23:33:55 2015] [debug] Routing to controller "AcdWideWeb::Example" and action "welcome".
[Wed Apr 22 23:33:55 2015] [debug] Rendering cached template "example/welcome.html.ep".
[Wed Apr 22 23:33:55 2015] [debug] Rendering cached template "layouts/default.html.ep".
[Wed Apr 22 23:33:55 2015] [debug] 200 OK (0.008399s, 119.062/s).
[Wed Apr 22 23:34:01 2015] [debug] GET / (Mozilla/5.0 (X11; Ubuntu; Linux i686; rv:37.0) Gecko/20100101 Firefox/37.0).
[Wed Apr 22 23:34:01 2015] [debug] Routing to controller "AcdWideWeb::Example" and action "welcome".
[Wed Apr 22 23:34:01 2015] [debug] Rendering cached template "example/welcome.html.ep".
[Wed Apr 22 23:34:01 2015] [debug] Rendering cached template "layouts/default.html.ep".
[Wed Apr 22 23:34:01 2015] [debug] 200 OK (0.008312s, 120.308/s).
[Wed Apr 22 23:34:20 2015] [debug] GET / (Mozilla/5.0 (X11; Ubuntu; Linux i686; rv:37.0) Gecko/20100101 Firefox/37.0).
[Wed Apr 22 23:34:20 2015] [debug] Routing to controller "AcdWideWeb::Example" and action "welcome".
[Wed Apr 22 23:34:20 2015] [debug] Rendering template "example/welcome.html.ep".
[Wed Apr 22 23:34:20 2015] [debug] Rendering template "layouts/default.html.ep".
[Wed Apr 22 23:34:20 2015] [debug] 200 OK (0.126391s, 7.912/s).
[Wed Apr 22 23:34:27 2015] [debug] GET / (Mozilla/5.0 (X11; Ubuntu; Linux i686; rv:37.0) Gecko/20100101 Firefox/37.0).
[Wed Apr 22 23:34:27 2015] [debug] Routing to controller "AcdWideWeb::Example" and action "welcome".
[Wed Apr 22 23:34:27 2015] [debug] Rendering template "example/welcome.html.ep".
[Wed Apr 22 23:34:27 2015] [debug] Rendering template "layouts/default.html.ep".
[Wed Apr 22 23:34:27 2015] [debug] 200 OK (0.132291s, 7.559/s).
[Wed Apr 22 23:34:36 2015] [debug] GET / (Mozilla/5.0 (X11; Ubuntu; Linux i686; rv:37.0) Gecko/20100101 Firefox/37.0).
[Wed Apr 22 23:34:36 2015] [debug] Routing to controller "AcdWideWeb::Example" and action "welcome".
[Wed Apr 22 23:34:36 2015] [debug] Rendering cached template "example/welcome.html.ep".
[Wed Apr 22 23:34:36 2015] [debug] Rendering cached template "layouts/default.html.ep".
[Wed Apr 22 23:34:36 2015] [debug] 200 OK (0.008229s, 121.521/s).
[Wed Apr 22 23:35:16 2015] [debug] GET / (Mozilla/5.0 (X11; Ubuntu; Linux i686; rv:37.0) Gecko/20100101 Firefox/37.0).
[Wed Apr 22 23:35:16 2015] [debug] Routing to controller "AcdWideWeb::Example" and action "welcome".
[Wed Apr 22 23:35:16 2015] [debug] Rendering template "example/welcome.html.ep".
[Wed Apr 22 23:35:16 2015] [debug] Rendering template "layouts/default.html.ep".
[Wed Apr 22 23:35:16 2015] [debug] 200 OK (0.123281s, 8.112/s).
[Wed Apr 22 23:35:46 2015] [debug] GET / (Mozilla/5.0 (X11; Ubuntu; Linux i686; rv:37.0) Gecko/20100101 Firefox/37.0).
[Wed Apr 22 23:35:46 2015] [debug] Routing to controller "AcdWideWeb::Example" and action "welcome".
[Wed Apr 22 23:35:46 2015] [debug] Rendering cached template "example/welcome.html.ep".
[Wed Apr 22 23:35:46 2015] [debug] Rendering cached template "layouts/default.html.ep".
[Wed Apr 22 23:35:46 2015] [debug] 200 OK (0.008267s, 120.963/s).
[Wed Apr 22 23:36:10 2015] [debug] GET / (Mozilla/5.0 (X11; Ubuntu; Linux i686; rv:37.0) Gecko/20100101 Firefox/37.0).
[Wed Apr 22 23:36:10 2015] [debug] Routing to controller "AcdWideWeb::Example" and action "welcome".
[Wed Apr 22 23:36:10 2015] [debug] Rendering template "example/welcome.html.ep".
[Wed Apr 22 23:36:10 2015] [debug] Rendering template "layouts/default.html.ep".
[Wed Apr 22 23:36:10 2015] [debug] 200 OK (0.123090s, 8.124/s).
[Wed Apr 22 23:36:11 2015] [debug] GET / (Mozilla/5.0 (X11; Ubuntu; Linux i686; rv:37.0) Gecko/20100101 Firefox/37.0).
[Wed Apr 22 23:36:11 2015] [debug] Routing to controller "AcdWideWeb::Example" and action "welcome".
[Wed Apr 22 23:36:11 2015] [debug] Rendering template "example/welcome.html.ep".
[Wed Apr 22 23:36:11 2015] [debug] Rendering template "layouts/default.html.ep".
[Wed Apr 22 23:36:11 2015] [debug] 200 OK (0.119677s, 8.356/s).
[Wed Apr 22 23:36:18 2015] [debug] GET / (Mozilla/5.0 (X11; Ubuntu; Linux i686; rv:37.0) Gecko/20100101 Firefox/37.0).
[Wed Apr 22 23:36:18 2015] [debug] Routing to controller "AcdWideWeb::Example" and action "welcome".
[Wed Apr 22 23:36:18 2015] [debug] Rendering cached template "example/welcome.html.ep".
[Wed Apr 22 23:36:18 2015] [debug] Rendering cached template "layouts/default.html.ep".
[Wed Apr 22 23:36:18 2015] [debug] 200 OK (0.005510s, 181.488/s).
[Wed Apr 22 23:36:20 2015] [debug] GET / (Mozilla/5.0 (X11; Ubuntu; Linux i686; rv:37.0) Gecko/20100101 Firefox/37.0).
[Wed Apr 22 23:36:20 2015] [debug] Routing to controller "AcdWideWeb::Example" and action "welcome".
[Wed Apr 22 23:36:20 2015] [debug] Rendering template "example/welcome.html.ep".
[Wed Apr 22 23:36:20 2015] [debug] Rendering template "layouts/default.html.ep".
[Wed Apr 22 23:36:20 2015] [debug] 200 OK (0.125739s, 7.953/s).
[Wed Apr 22 23:36:27 2015] [debug] GET / (Mozilla/5.0 (X11; Ubuntu; Linux i686; rv:37.0) Gecko/20100101 Firefox/37.0).
[Wed Apr 22 23:36:27 2015] [debug] Routing to controller "AcdWideWeb::Example" and action "welcome".
[Wed Apr 22 23:36:27 2015] [debug] Rendering template "example/welcome.html.ep".
[Wed Apr 22 23:36:28 2015] [debug] Rendering template "layouts/default.html.ep".
[Wed Apr 22 23:36:28 2015] [debug] 200 OK (0.119458s, 8.371/s).
[Wed Apr 22 23:36:32 2015] [debug] GET / (Mozilla/5.0 (X11; Ubuntu; Linux i686; rv:37.0) Gecko/20100101 Firefox/37.0).
[Wed Apr 22 23:36:32 2015] [debug] Routing to controller "AcdWideWeb::Example" and action "welcome".
[Wed Apr 22 23:36:32 2015] [debug] Rendering cached template "example/welcome.html.ep".
[Wed Apr 22 23:36:32 2015] [debug] Rendering cached template "layouts/default.html.ep".
[Wed Apr 22 23:36:32 2015] [debug] 200 OK (0.008207s, 121.847/s).
[Wed Apr 22 23:36:34 2015] [debug] GET / (Mozilla/5.0 (X11; Ubuntu; Linux i686; rv:37.0) Gecko/20100101 Firefox/37.0).
[Wed Apr 22 23:36:34 2015] [debug] Routing to controller "AcdWideWeb::Example" and action "welcome".
[Wed Apr 22 23:36:34 2015] [debug] Rendering cached template "example/welcome.html.ep".
[Wed Apr 22 23:36:34 2015] [debug] Rendering cached template "layouts/default.html.ep".
[Wed Apr 22 23:36:34 2015] [debug] 200 OK (0.008233s, 121.462/s).
[Wed Apr 22 23:36:35 2015] [debug] GET / (Mozilla/5.0 (X11; Ubuntu; Linux i686; rv:37.0) Gecko/20100101 Firefox/37.0).
[Wed Apr 22 23:36:35 2015] [debug] Routing to controller "AcdWideWeb::Example" and action "welcome".
[Wed Apr 22 23:36:35 2015] [debug] Rendering cached template "example/welcome.html.ep".
[Wed Apr 22 23:36:35 2015] [debug] Rendering cached template "layouts/default.html.ep".
[Wed Apr 22 23:36:35 2015] [debug] 200 OK (0.008197s, 121.996/s).
[Wed Apr 22 23:36:38 2015] [debug] GET / (Mozilla/5.0 (X11; Ubuntu; Linux i686; rv:37.0) Gecko/20100101 Firefox/37.0).
[Wed Apr 22 23:36:38 2015] [debug] Routing to controller "AcdWideWeb::Example" and action "welcome".
[Wed Apr 22 23:36:38 2015] [debug] Rendering cached template "example/welcome.html.ep".
[Wed Apr 22 23:36:38 2015] [debug] Rendering cached template "layouts/default.html.ep".
[Wed Apr 22 23:36:38 2015] [debug] 200 OK (0.008609s, 116.158/s).
[Wed Apr 22 23:36:40 2015] [debug] GET / (Mozilla/5.0 (X11; Ubuntu; Linux i686; rv:37.0) Gecko/20100101 Firefox/37.0).
[Wed Apr 22 23:36:40 2015] [debug] Routing to controller "AcdWideWeb::Example" and action "welcome".
[Wed Apr 22 23:36:40 2015] [debug] Rendering cached template "example/welcome.html.ep".
[Wed Apr 22 23:36:40 2015] [debug] Rendering cached template "layouts/default.html.ep".
[Wed Apr 22 23:36:40 2015] [debug] 200 OK (0.012018s, 83.209/s).
[Wed Apr 22 23:36:44 2015] [debug] GET / (Mozilla/5.0 (X11; Ubuntu; Linux i686; rv:37.0) Gecko/20100101 Firefox/37.0).
[Wed Apr 22 23:36:44 2015] [debug] Routing to controller "AcdWideWeb::Example" and action "welcome".
[Wed Apr 22 23:36:44 2015] [debug] Rendering template "example/welcome.html.ep".
[Wed Apr 22 23:36:44 2015] [debug] Rendering template "layouts/default.html.ep".
[Wed Apr 22 23:36:44 2015] [debug] 200 OK (0.139796s, 7.153/s).
[Wed Apr 22 23:37:33 2015] [debug] GET / (Mozilla/5.0 (X11; Ubuntu; Linux i686; rv:37.0) Gecko/20100101 Firefox/37.0).
[Wed Apr 22 23:37:33 2015] [debug] Routing to controller "AcdWideWeb::Example" and action "welcome".
[Wed Apr 22 23:37:33 2015] [debug] Rendering template "example/welcome.html.ep".
[Wed Apr 22 23:37:33 2015] [debug] Rendering template "layouts/default.html.ep".
[Wed Apr 22 23:37:33 2015] [debug] 200 OK (0.124361s, 8.041/s).
[Wed Apr 22 23:37:47 2015] [debug] GET / (Mozilla/5.0 (X11; Ubuntu; Linux i686; rv:37.0) Gecko/20100101 Firefox/37.0).
[Wed Apr 22 23:37:47 2015] [debug] Routing to controller "AcdWideWeb::Example" and action "welcome".
[Wed Apr 22 23:37:47 2015] [debug] Rendering cached template "example/welcome.html.ep".
[Wed Apr 22 23:37:47 2015] [debug] Rendering cached template "layouts/default.html.ep".
[Wed Apr 22 23:37:47 2015] [debug] 200 OK (0.008547s, 117.000/s).
[Wed Apr 22 23:38:02 2015] [debug] GET / (Mozilla/5.0 (X11; Ubuntu; Linux i686; rv:37.0) Gecko/20100101 Firefox/37.0).
[Wed Apr 22 23:38:02 2015] [debug] Routing to controller "AcdWideWeb::Example" and action "welcome".
[Wed Apr 22 23:38:02 2015] [debug] Rendering cached template "example/welcome.html.ep".
[Wed Apr 22 23:38:02 2015] [debug] Rendering cached template "layouts/default.html.ep".
[Wed Apr 22 23:38:02 2015] [debug] 200 OK (0.010937s, 91.433/s).
[Wed Apr 22 23:38:10 2015] [debug] GET / (Mozilla/5.0 (X11; Ubuntu; Linux i686; rv:37.0) Gecko/20100101 Firefox/37.0).
[Wed Apr 22 23:38:10 2015] [debug] Routing to controller "AcdWideWeb::Example" and action "welcome".
[Wed Apr 22 23:38:10 2015] [debug] Rendering cached template "example/welcome.html.ep".
[Wed Apr 22 23:38:10 2015] [debug] Rendering cached template "layouts/default.html.ep".
[Wed Apr 22 23:38:10 2015] [debug] 200 OK (0.007889s, 126.759/s).
[Wed Apr 22 23:38:16 2015] [debug] GET / (Mozilla/5.0 (X11; Ubuntu; Linux i686; rv:37.0) Gecko/20100101 Firefox/37.0).
[Wed Apr 22 23:38:16 2015] [debug] Routing to controller "AcdWideWeb::Example" and action "welcome".
[Wed Apr 22 23:38:16 2015] [debug] Rendering cached template "example/welcome.html.ep".
[Wed Apr 22 23:38:16 2015] [debug] Rendering cached template "layouts/default.html.ep".
[Wed Apr 22 23:38:16 2015] [debug] 200 OK (0.008290s, 120.627/s).
[Wed Apr 22 23:38:29 2015] [debug] GET / (Mozilla/5.0 (X11; Ubuntu; Linux i686; rv:37.0) Gecko/20100101 Firefox/37.0).
[Wed Apr 22 23:38:29 2015] [debug] Routing to controller "AcdWideWeb::Example" and action "welcome".
[Wed Apr 22 23:38:29 2015] [debug] Rendering cached template "example/welcome.html.ep".
[Wed Apr 22 23:38:29 2015] [debug] Rendering cached template "layouts/default.html.ep".
[Wed Apr 22 23:38:29 2015] [debug] 200 OK (0.008333s, 120.005/s).
[Wed Apr 22 23:38:54 2015] [debug] GET / (Mozilla/5.0 (X11; Ubuntu; Linux i686; rv:37.0) Gecko/20100101 Firefox/37.0).
[Wed Apr 22 23:38:54 2015] [debug] Routing to controller "AcdWideWeb::Example" and action "welcome".
[Wed Apr 22 23:38:54 2015] [debug] Rendering cached template "example/welcome.html.ep".
[Wed Apr 22 23:38:54 2015] [debug] Rendering cached template "layouts/default.html.ep".
[Wed Apr 22 23:38:54 2015] [debug] 200 OK (0.008385s, 119.261/s).
[Wed Apr 22 23:39:05 2015] [debug] GET / (Mozilla/5.0 (X11; Ubuntu; Linux i686; rv:37.0) Gecko/20100101 Firefox/37.0).
[Wed Apr 22 23:39:05 2015] [debug] Routing to controller "AcdWideWeb::Example" and action "welcome".
[Wed Apr 22 23:39:05 2015] [debug] Rendering cached template "example/welcome.html.ep".
[Wed Apr 22 23:39:05 2015] [debug] Rendering cached template "layouts/default.html.ep".
[Wed Apr 22 23:39:05 2015] [debug] 200 OK (0.008755s, 114.220/s).
[Wed Apr 22 23:39:12 2015] [debug] GET / (Mozilla/5.0 (X11; Ubuntu; Linux i686; rv:37.0) Gecko/20100101 Firefox/37.0).
[Wed Apr 22 23:39:12 2015] [debug] Routing to controller "AcdWideWeb::Example" and action "welcome".
[Wed Apr 22 23:39:12 2015] [debug] Rendering cached template "example/welcome.html.ep".
[Wed Apr 22 23:39:12 2015] [debug] Rendering cached template "layouts/default.html.ep".
[Wed Apr 22 23:39:12 2015] [debug] 200 OK (0.008413s, 118.864/s).
[Wed Apr 22 23:39:14 2015] [debug] GET / (Mozilla/5.0 (X11; Ubuntu; Linux i686; rv:37.0) Gecko/20100101 Firefox/37.0).
[Wed Apr 22 23:39:14 2015] [debug] Routing to controller "AcdWideWeb::Example" and action "welcome".
[Wed Apr 22 23:39:14 2015] [debug] Rendering cached template "example/welcome.html.ep".
[Wed Apr 22 23:39:14 2015] [debug] Rendering cached template "layouts/default.html.ep".
[Wed Apr 22 23:39:14 2015] [debug] 200 OK (0.008297s, 120.525/s).
[Wed Apr 22 23:39:25 2015] [debug] GET / (Mozilla/5.0 (X11; Ubuntu; Linux i686; rv:37.0) Gecko/20100101 Firefox/37.0).
[Wed Apr 22 23:39:25 2015] [debug] Routing to controller "AcdWideWeb::Example" and action "welcome".
[Wed Apr 22 23:39:25 2015] [debug] Rendering cached template "example/welcome.html.ep".
[Wed Apr 22 23:39:25 2015] [debug] Rendering cached template "layouts/default.html.ep".
[Wed Apr 22 23:39:25 2015] [debug] 200 OK (0.008540s, 117.096/s).
[Wed Apr 22 23:39:34 2015] [debug] GET / (Mozilla/5.0 (X11; Ubuntu; Linux i686; rv:37.0) Gecko/20100101 Firefox/37.0).
[Wed Apr 22 23:39:34 2015] [debug] Routing to controller "AcdWideWeb::Example" and action "welcome".
[Wed Apr 22 23:39:34 2015] [debug] Rendering cached template "example/welcome.html.ep".
[Wed Apr 22 23:39:34 2015] [debug] Rendering cached template "layouts/default.html.ep".
[Wed Apr 22 23:39:34 2015] [debug] 200 OK (0.008410s, 118.906/s).
[Wed Apr 22 23:39:37 2015] [debug] GET / (Mozilla/5.0 (X11; Ubuntu; Linux i686; rv:37.0) Gecko/20100101 Firefox/37.0).
[Wed Apr 22 23:39:37 2015] [debug] Routing to controller "AcdWideWeb::Example" and action "welcome".
[Wed Apr 22 23:39:37 2015] [debug] Rendering cached template "example/welcome.html.ep".
[Wed Apr 22 23:39:37 2015] [debug] Rendering cached template "layouts/default.html.ep".
[Wed Apr 22 23:39:37 2015] [debug] 200 OK (0.008306s, 120.395/s).
[Wed Apr 22 23:39:53 2015] [debug] GET / (Mozilla/5.0 (X11; Ubuntu; Linux i686; rv:37.0) Gecko/20100101 Firefox/37.0).
[Wed Apr 22 23:39:53 2015] [debug] Routing to controller "AcdWideWeb::Example" and action "welcome".
[Wed Apr 22 23:39:53 2015] [debug] Rendering cached template "example/welcome.html.ep".
[Wed Apr 22 23:39:53 2015] [debug] Rendering cached template "layouts/default.html.ep".
[Wed Apr 22 23:39:53 2015] [debug] 200 OK (0.008395s, 119.119/s).
[Wed Apr 22 23:40:00 2015] [debug] GET / (Mozilla/5.0 (X11; Ubuntu; Linux i686; rv:37.0) Gecko/20100101 Firefox/37.0).
[Wed Apr 22 23:40:00 2015] [debug] Routing to controller "AcdWideWeb::Example" and action "welcome".
[Wed Apr 22 23:40:00 2015] [debug] Rendering cached template "example/welcome.html.ep".
[Wed Apr 22 23:40:00 2015] [debug] Rendering cached template "layouts/default.html.ep".
[Wed Apr 22 23:40:00 2015] [debug] 200 OK (0.009085s, 110.072/s).
[Wed Apr 22 23:40:03 2015] [debug] GET / (Mozilla/5.0 (X11; Ubuntu; Linux i686; rv:37.0) Gecko/20100101 Firefox/37.0).
[Wed Apr 22 23:40:03 2015] [debug] Routing to controller "AcdWideWeb::Example" and action "welcome".
[Wed Apr 22 23:40:03 2015] [debug] Rendering cached template "example/welcome.html.ep".
[Wed Apr 22 23:40:03 2015] [debug] Rendering cached template "layouts/default.html.ep".
[Wed Apr 22 23:40:03 2015] [debug] 200 OK (0.008390s, 119.190/s).
[Wed Apr 22 23:40:15 2015] [debug] GET / (Mozilla/5.0 (X11; Ubuntu; Linux i686; rv:37.0) Gecko/20100101 Firefox/37.0).
[Wed Apr 22 23:40:15 2015] [debug] Routing to controller "AcdWideWeb::Example" and action "welcome".
[Wed Apr 22 23:40:15 2015] [debug] Rendering cached template "example/welcome.html.ep".
[Wed Apr 22 23:40:15 2015] [debug] Rendering cached template "layouts/default.html.ep".
[Wed Apr 22 23:40:15 2015] [debug] 200 OK (0.008324s, 120.135/s).
[Wed Apr 22 23:40:19 2015] [debug] GET / (Mozilla/5.0 (X11; Ubuntu; Linux i686; rv:37.0) Gecko/20100101 Firefox/37.0).
[Wed Apr 22 23:40:19 2015] [debug] Routing to controller "AcdWideWeb::Example" and action "welcome".
[Wed Apr 22 23:40:19 2015] [debug] Rendering cached template "example/welcome.html.ep".
[Wed Apr 22 23:40:19 2015] [debug] Rendering cached template "layouts/default.html.ep".
[Wed Apr 22 23:40:19 2015] [debug] 200 OK (0.008361s, 119.603/s).
[Wed Apr 22 23:40:30 2015] [debug] GET / (Mozilla/5.0 (X11; Ubuntu; Linux i686; rv:37.0) Gecko/20100101 Firefox/37.0).
[Wed Apr 22 23:40:30 2015] [debug] Routing to controller "AcdWideWeb::Example" and action "welcome".
[Wed Apr 22 23:40:30 2015] [debug] Rendering cached template "example/welcome.html.ep".
[Wed Apr 22 23:40:30 2015] [debug] Rendering cached template "layouts/default.html.ep".
[Wed Apr 22 23:40:30 2015] [debug] 200 OK (0.008247s, 121.256/s).
[Wed Apr 22 23:40:37 2015] [debug] GET / (Mozilla/5.0 (X11; Ubuntu; Linux i686; rv:37.0) Gecko/20100101 Firefox/37.0).
[Wed Apr 22 23:40:37 2015] [debug] Routing to controller "AcdWideWeb::Example" and action "welcome".
[Wed Apr 22 23:40:37 2015] [debug] Rendering cached template "example/welcome.html.ep".
[Wed Apr 22 23:40:37 2015] [debug] Rendering cached template "layouts/default.html.ep".
[Wed Apr 22 23:40:37 2015] [debug] 200 OK (0.008358s, 119.646/s).
[Wed Apr 22 23:41:04 2015] [debug] GET / (Mozilla/5.0 (X11; Ubuntu; Linux i686; rv:37.0) Gecko/20100101 Firefox/37.0).
[Wed Apr 22 23:41:04 2015] [debug] Routing to controller "AcdWideWeb::Example" and action "welcome".
[Wed Apr 22 23:41:04 2015] [debug] Rendering cached template "example/welcome.html.ep".
[Wed Apr 22 23:41:04 2015] [debug] Rendering cached template "layouts/default.html.ep".
[Wed Apr 22 23:41:04 2015] [debug] 200 OK (0.008415s, 118.835/s).
[Wed Apr 22 23:41:21 2015] [debug] GET / (Mozilla/5.0 (X11; Ubuntu; Linux i686; rv:37.0) Gecko/20100101 Firefox/37.0).
[Wed Apr 22 23:41:21 2015] [debug] Routing to controller "AcdWideWeb::Example" and action "welcome".
[Wed Apr 22 23:41:21 2015] [debug] Rendering cached template "example/welcome.html.ep".
[Wed Apr 22 23:41:21 2015] [debug] Rendering cached template "layouts/default.html.ep".
[Wed Apr 22 23:41:21 2015] [debug] 200 OK (0.008413s, 118.864/s).
[Wed Apr 22 23:41:23 2015] [debug] GET / (Mozilla/5.0 (X11; Ubuntu; Linux i686; rv:37.0) Gecko/20100101 Firefox/37.0).
[Wed Apr 22 23:41:23 2015] [debug] Routing to controller "AcdWideWeb::Example" and action "welcome".
[Wed Apr 22 23:41:23 2015] [debug] Rendering cached template "example/welcome.html.ep".
[Wed Apr 22 23:41:23 2015] [debug] Rendering cached template "layouts/default.html.ep".
[Wed Apr 22 23:41:23 2015] [debug] 200 OK (0.008395s, 119.119/s).
[Wed Apr 22 23:41:37 2015] [debug] GET / (Mozilla/5.0 (X11; Ubuntu; Linux i686; rv:37.0) Gecko/20100101 Firefox/37.0).
[Wed Apr 22 23:41:37 2015] [debug] Routing to controller "AcdWideWeb::Example" and action "welcome".
[Wed Apr 22 23:41:37 2015] [debug] Rendering cached template "example/welcome.html.ep".
[Wed Apr 22 23:41:37 2015] [debug] Rendering cached template "layouts/default.html.ep".
[Wed Apr 22 23:41:37 2015] [debug] 200 OK (0.008469s, 118.078/s).
[Wed Apr 22 23:42:22 2015] [debug] GET / (Mozilla/5.0 (X11; Ubuntu; Linux i686; rv:37.0) Gecko/20100101 Firefox/37.0).
[Wed Apr 22 23:42:22 2015] [debug] Routing to controller "AcdWideWeb::Example" and action "welcome".
[Wed Apr 22 23:42:22 2015] [debug] Rendering template "example/welcome.html.ep".
[Wed Apr 22 23:42:22 2015] [debug] Rendering template "layouts/default.html.ep".
[Wed Apr 22 23:42:22 2015] [debug] 200 OK (0.131132s, 7.626/s).
[Wed Apr 22 23:42:35 2015] [debug] GET / (Mozilla/5.0 (X11; Ubuntu; Linux i686; rv:37.0) Gecko/20100101 Firefox/37.0).
[Wed Apr 22 23:42:35 2015] [debug] Routing to controller "AcdWideWeb::Example" and action "welcome".
[Wed Apr 22 23:42:35 2015] [debug] Rendering cached template "example/welcome.html.ep".
[Wed Apr 22 23:42:35 2015] [debug] Rendering cached template "layouts/default.html.ep".
[Wed Apr 22 23:42:35 2015] [debug] 200 OK (0.008293s, 120.584/s).
[Wed Apr 22 23:43:05 2015] [debug] GET / (Mozilla/5.0 (X11; Ubuntu; Linux i686; rv:37.0) Gecko/20100101 Firefox/37.0).
[Wed Apr 22 23:43:05 2015] [debug] Routing to controller "AcdWideWeb::Example" and action "welcome".
[Wed Apr 22 23:43:05 2015] [debug] Rendering cached template "example/welcome.html.ep".
[Wed Apr 22 23:43:05 2015] [debug] Rendering cached template "layouts/default.html.ep".
[Wed Apr 22 23:43:05 2015] [debug] 200 OK (0.008461s, 118.189/s).
[Wed Apr 22 23:43:07 2015] [debug] GET / (Mozilla/5.0 (X11; Ubuntu; Linux i686; rv:37.0) Gecko/20100101 Firefox/37.0).
[Wed Apr 22 23:43:07 2015] [debug] Routing to controller "AcdWideWeb::Example" and action "welcome".
[Wed Apr 22 23:43:07 2015] [debug] Rendering cached template "example/welcome.html.ep".
[Wed Apr 22 23:43:07 2015] [debug] Rendering cached template "layouts/default.html.ep".
[Wed Apr 22 23:43:07 2015] [debug] 200 OK (0.008290s, 120.627/s).
[Wed Apr 22 23:43:18 2015] [debug] GET / (Mozilla/5.0 (X11; Ubuntu; Linux i686; rv:37.0) Gecko/20100101 Firefox/37.0).
[Wed Apr 22 23:43:18 2015] [debug] Routing to controller "AcdWideWeb::Example" and action "welcome".
[Wed Apr 22 23:43:18 2015] [debug] Rendering cached template "example/welcome.html.ep".
[Wed Apr 22 23:43:18 2015] [debug] Rendering cached template "layouts/default.html.ep".
[Wed Apr 22 23:43:19 2015] [debug] 200 OK (0.008289s, 120.642/s).
[Wed Apr 22 23:43:19 2015] [debug] GET / (Mozilla/5.0 (X11; Ubuntu; Linux i686; rv:37.0) Gecko/20100101 Firefox/37.0).
[Wed Apr 22 23:43:19 2015] [debug] Routing to controller "AcdWideWeb::Example" and action "welcome".
[Wed Apr 22 23:43:19 2015] [debug] Rendering cached template "example/welcome.html.ep".
[Wed Apr 22 23:43:19 2015] [debug] Rendering cached template "layouts/default.html.ep".
[Wed Apr 22 23:43:19 2015] [debug] 200 OK (0.008313s, 120.294/s).
[Wed Apr 22 23:43:47 2015] [debug] GET / (Mozilla/5.0 (X11; Ubuntu; Linux i686; rv:37.0) Gecko/20100101 Firefox/37.0).
[Wed Apr 22 23:43:47 2015] [debug] Routing to controller "AcdWideWeb::Example" and action "welcome".
[Wed Apr 22 23:43:47 2015] [debug] Rendering cached template "example/welcome.html.ep".
[Wed Apr 22 23:43:47 2015] [debug] Rendering cached template "layouts/default.html.ep".
[Wed Apr 22 23:43:47 2015] [debug] 200 OK (0.008293s, 120.584/s).
[Wed Apr 22 23:43:47 2015] [debug] GET / (Mozilla/5.0 (X11; Ubuntu; Linux i686; rv:37.0) Gecko/20100101 Firefox/37.0).
[Wed Apr 22 23:43:47 2015] [debug] Routing to controller "AcdWideWeb::Example" and action "welcome".
[Wed Apr 22 23:43:47 2015] [debug] Rendering cached template "example/welcome.html.ep".
[Wed Apr 22 23:43:47 2015] [debug] Rendering cached template "layouts/default.html.ep".
[Wed Apr 22 23:43:47 2015] [debug] 200 OK (0.008584s, 116.496/s).
[Wed Apr 22 23:43:48 2015] [debug] GET / (Mozilla/5.0 (X11; Ubuntu; Linux i686; rv:37.0) Gecko/20100101 Firefox/37.0).
[Wed Apr 22 23:43:48 2015] [debug] Routing to controller "AcdWideWeb::Example" and action "welcome".
[Wed Apr 22 23:43:48 2015] [debug] Rendering cached template "example/welcome.html.ep".
[Wed Apr 22 23:43:48 2015] [debug] Rendering cached template "layouts/default.html.ep".
[Wed Apr 22 23:43:48 2015] [debug] 200 OK (0.008356s, 119.674/s).
[Wed Apr 22 23:44:22 2015] [debug] GET / (Mozilla/5.0 (X11; Ubuntu; Linux i686; rv:37.0) Gecko/20100101 Firefox/37.0).
[Wed Apr 22 23:44:22 2015] [debug] Routing to controller "AcdWideWeb::Example" and action "welcome".
[Wed Apr 22 23:44:22 2015] [debug] Rendering template "example/welcome.html.ep".
[Wed Apr 22 23:44:22 2015] [debug] Rendering template "layouts/default.html.ep".
[Wed Apr 22 23:44:22 2015] [debug] 200 OK (0.117526s, 8.509/s).
[Wed Apr 22 23:44:36 2015] [debug] GET / (Mozilla/5.0 (X11; Ubuntu; Linux i686; rv:37.0) Gecko/20100101 Firefox/37.0).
[Wed Apr 22 23:44:36 2015] [debug] Routing to controller "AcdWideWeb::Example" and action "welcome".
[Wed Apr 22 23:44:36 2015] [debug] Rendering cached template "example/welcome.html.ep".
[Wed Apr 22 23:44:36 2015] [debug] Rendering cached template "layouts/default.html.ep".
[Wed Apr 22 23:44:36 2015] [debug] 200 OK (0.008263s, 121.021/s).
[Wed Apr 22 23:44:39 2015] [debug] GET / (Mozilla/5.0 (X11; Ubuntu; Linux i686; rv:37.0) Gecko/20100101 Firefox/37.0).
[Wed Apr 22 23:44:39 2015] [debug] Routing to controller "AcdWideWeb::Example" and action "welcome".
[Wed Apr 22 23:44:39 2015] [debug] Rendering cached template "example/welcome.html.ep".
[Wed Apr 22 23:44:39 2015] [debug] Rendering cached template "layouts/default.html.ep".
[Wed Apr 22 23:44:39 2015] [debug] 200 OK (0.008381s, 119.318/s).
[Wed Apr 22 23:44:47 2015] [debug] GET / (Mozilla/5.0 (X11; Ubuntu; Linux i686; rv:37.0) Gecko/20100101 Firefox/37.0).
[Wed Apr 22 23:44:47 2015] [debug] Routing to controller "AcdWideWeb::Example" and action "welcome".
[Wed Apr 22 23:44:47 2015] [debug] Rendering cached template "example/welcome.html.ep".
[Wed Apr 22 23:44:47 2015] [debug] Rendering cached template "layouts/default.html.ep".
[Wed Apr 22 23:44:47 2015] [debug] 200 OK (0.009348s, 106.975/s).
[Wed Apr 22 23:45:05 2015] [debug] GET / (Mozilla/5.0 (X11; Ubuntu; Linux i686; rv:37.0) Gecko/20100101 Firefox/37.0).
[Wed Apr 22 23:45:05 2015] [debug] Routing to controller "AcdWideWeb::Example" and action "welcome".
[Wed Apr 22 23:45:05 2015] [debug] Rendering cached template "example/welcome.html.ep".
[Wed Apr 22 23:45:05 2015] [debug] Rendering cached template "layouts/default.html.ep".
[Wed Apr 22 23:45:05 2015] [debug] 200 OK (0.008542s, 117.069/s).
[Wed Apr 22 23:45:06 2015] [debug] GET / (Mozilla/5.0 (X11; Ubuntu; Linux i686; rv:37.0) Gecko/20100101 Firefox/37.0).
[Wed Apr 22 23:45:06 2015] [debug] Routing to controller "AcdWideWeb::Example" and action "welcome".
[Wed Apr 22 23:45:06 2015] [debug] Rendering cached template "example/welcome.html.ep".
[Wed Apr 22 23:45:06 2015] [debug] Rendering cached template "layouts/default.html.ep".
[Wed Apr 22 23:45:06 2015] [debug] 200 OK (0.008773s, 113.986/s).
[Wed Apr 22 23:45:43 2015] [debug] GET / (Mozilla/5.0 (X11; Ubuntu; Linux i686; rv:37.0) Gecko/20100101 Firefox/37.0).
[Wed Apr 22 23:45:43 2015] [debug] Routing to controller "AcdWideWeb::Example" and action "welcome".
[Wed Apr 22 23:45:43 2015] [debug] Rendering cached template "example/welcome.html.ep".
[Wed Apr 22 23:45:43 2015] [debug] Rendering cached template "layouts/default.html.ep".
[Wed Apr 22 23:45:43 2015] [debug] 200 OK (0.008771s, 114.012/s).
[Wed Apr 22 23:45:49 2015] [debug] GET / (Mozilla/5.0 (X11; Ubuntu; Linux i686; rv:37.0) Gecko/20100101 Firefox/37.0).
[Wed Apr 22 23:45:49 2015] [debug] Routing to controller "AcdWideWeb::Example" and action "welcome".
[Wed Apr 22 23:45:49 2015] [debug] Rendering cached template "example/welcome.html.ep".
[Wed Apr 22 23:45:49 2015] [debug] Rendering cached template "layouts/default.html.ep".
[Wed Apr 22 23:45:49 2015] [debug] 200 OK (0.008822s, 113.353/s).
[Wed Apr 22 23:46:10 2015] [debug] GET / (Mozilla/5.0 (X11; Ubuntu; Linux i686; rv:37.0) Gecko/20100101 Firefox/37.0).
[Wed Apr 22 23:46:10 2015] [debug] Routing to controller "AcdWideWeb::Example" and action "welcome".
[Wed Apr 22 23:46:10 2015] [debug] Rendering cached template "example/welcome.html.ep".
[Wed Apr 22 23:46:10 2015] [debug] Rendering cached template "layouts/default.html.ep".
[Wed Apr 22 23:46:10 2015] [debug] 200 OK (0.008664s, 115.420/s).
[Wed Apr 22 23:46:11 2015] [debug] GET / (Mozilla/5.0 (X11; Ubuntu; Linux i686; rv:37.0) Gecko/20100101 Firefox/37.0).
[Wed Apr 22 23:46:11 2015] [debug] Routing to controller "AcdWideWeb::Example" and action "welcome".
[Wed Apr 22 23:46:11 2015] [debug] Rendering cached template "example/welcome.html.ep".
[Wed Apr 22 23:46:11 2015] [debug] Rendering cached template "layouts/default.html.ep".
[Wed Apr 22 23:46:11 2015] [debug] 200 OK (0.008565s, 116.754/s).
[Wed Apr 22 23:46:23 2015] [debug] GET / (Mozilla/5.0 (X11; Ubuntu; Linux i686; rv:37.0) Gecko/20100101 Firefox/37.0).
[Wed Apr 22 23:46:23 2015] [debug] Routing to controller "AcdWideWeb::Example" and action "welcome".
[Wed Apr 22 23:46:23 2015] [debug] Rendering cached template "example/welcome.html.ep".
[Wed Apr 22 23:46:23 2015] [debug] Rendering cached template "layouts/default.html.ep".
[Wed Apr 22 23:46:23 2015] [debug] 200 OK (0.008369s, 119.489/s).
[Wed Apr 22 23:46:29 2015] [debug] GET / (Mozilla/5.0 (X11; Ubuntu; Linux i686; rv:37.0) Gecko/20100101 Firefox/37.0).
[Wed Apr 22 23:46:29 2015] [debug] Routing to controller "AcdWideWeb::Example" and action "welcome".
[Wed Apr 22 23:46:29 2015] [debug] Rendering cached template "example/welcome.html.ep".
[Wed Apr 22 23:46:29 2015] [debug] Rendering cached template "layouts/default.html.ep".
[Wed Apr 22 23:46:29 2015] [debug] 200 OK (0.008585s, 116.482/s).
[Wed Apr 22 23:46:30 2015] [debug] GET / (Mozilla/5.0 (X11; Ubuntu; Linux i686; rv:37.0) Gecko/20100101 Firefox/37.0).
[Wed Apr 22 23:46:30 2015] [debug] Routing to controller "AcdWideWeb::Example" and action "welcome".
[Wed Apr 22 23:46:30 2015] [debug] Rendering cached template "example/welcome.html.ep".
[Wed Apr 22 23:46:30 2015] [debug] Rendering cached template "layouts/default.html.ep".
[Wed Apr 22 23:46:30 2015] [debug] 200 OK (0.008439s, 118.497/s).
[Wed Apr 22 23:46:52 2015] [debug] GET / (Mozilla/5.0 (X11; Ubuntu; Linux i686; rv:37.0) Gecko/20100101 Firefox/37.0).
[Wed Apr 22 23:46:52 2015] [debug] Routing to controller "AcdWideWeb::Example" and action "welcome".
[Wed Apr 22 23:46:52 2015] [debug] Rendering cached template "example/welcome.html.ep".
[Wed Apr 22 23:46:52 2015] [debug] Rendering cached template "layouts/default.html.ep".
[Wed Apr 22 23:46:52 2015] [debug] 200 OK (0.008366s, 119.531/s).
[Wed Apr 22 23:46:53 2015] [debug] GET / (Mozilla/5.0 (X11; Ubuntu; Linux i686; rv:37.0) Gecko/20100101 Firefox/37.0).
[Wed Apr 22 23:46:53 2015] [debug] Routing to controller "AcdWideWeb::Example" and action "welcome".
[Wed Apr 22 23:46:53 2015] [debug] Rendering cached template "example/welcome.html.ep".
[Wed Apr 22 23:46:53 2015] [debug] Rendering cached template "layouts/default.html.ep".
[Wed Apr 22 23:46:53 2015] [debug] 200 OK (0.008451s, 118.329/s).
[Wed Apr 22 23:47:03 2015] [debug] GET / (Mozilla/5.0 (X11; Ubuntu; Linux i686; rv:37.0) Gecko/20100101 Firefox/37.0).
[Wed Apr 22 23:47:03 2015] [debug] Routing to controller "AcdWideWeb::Example" and action "welcome".
[Wed Apr 22 23:47:03 2015] [debug] Rendering cached template "example/welcome.html.ep".
[Wed Apr 22 23:47:03 2015] [debug] Rendering cached template "layouts/default.html.ep".
[Wed Apr 22 23:47:03 2015] [debug] 200 OK (0.013684s, 73.078/s).
[Wed Apr 22 23:47:15 2015] [debug] GET / (Mozilla/5.0 (X11; Ubuntu; Linux i686; rv:37.0) Gecko/20100101 Firefox/37.0).
[Wed Apr 22 23:47:15 2015] [debug] Routing to controller "AcdWideWeb::Example" and action "welcome".
[Wed Apr 22 23:47:15 2015] [debug] Rendering cached template "example/welcome.html.ep".
[Wed Apr 22 23:47:15 2015] [debug] Rendering cached template "layouts/default.html.ep".
[Wed Apr 22 23:47:15 2015] [debug] 200 OK (0.008402s, 119.019/s).
[Wed Apr 22 23:47:26 2015] [debug] GET / (Mozilla/5.0 (X11; Ubuntu; Linux i686; rv:37.0) Gecko/20100101 Firefox/37.0).
[Wed Apr 22 23:47:26 2015] [debug] Routing to controller "AcdWideWeb::Example" and action "welcome".
[Wed Apr 22 23:47:26 2015] [debug] Rendering cached template "example/welcome.html.ep".
[Wed Apr 22 23:47:26 2015] [debug] Rendering cached template "layouts/default.html.ep".
[Wed Apr 22 23:47:26 2015] [debug] 200 OK (0.008445s, 118.413/s).
[Wed Apr 22 23:47:28 2015] [debug] GET / (Mozilla/5.0 (X11; Ubuntu; Linux i686; rv:37.0) Gecko/20100101 Firefox/37.0).
[Wed Apr 22 23:47:28 2015] [debug] Routing to controller "AcdWideWeb::Example" and action "welcome".
[Wed Apr 22 23:47:28 2015] [debug] Rendering cached template "example/welcome.html.ep".
[Wed Apr 22 23:47:28 2015] [debug] Rendering cached template "layouts/default.html.ep".
[Wed Apr 22 23:47:28 2015] [debug] 200 OK (0.008330s, 120.048/s).
[Wed Apr 22 23:48:11 2015] [debug] GET / (Mozilla/5.0 (X11; Ubuntu; Linux i686; rv:37.0) Gecko/20100101 Firefox/37.0).
[Wed Apr 22 23:48:11 2015] [debug] Routing to controller "AcdWideWeb::Example" and action "welcome".
[Wed Apr 22 23:48:11 2015] [debug] Rendering cached template "example/welcome.html.ep".
[Wed Apr 22 23:48:11 2015] [debug] Rendering cached template "layouts/default.html.ep".
[Wed Apr 22 23:48:11 2015] [debug] 200 OK (0.008617s, 116.050/s).
[Wed Apr 22 23:48:38 2015] [debug] GET / (Mozilla/5.0 (X11; Ubuntu; Linux i686; rv:37.0) Gecko/20100101 Firefox/37.0).
[Wed Apr 22 23:48:38 2015] [debug] Routing to controller "AcdWideWeb::Example" and action "welcome".
[Wed Apr 22 23:48:38 2015] [debug] Rendering cached template "example/welcome.html.ep".
[Wed Apr 22 23:48:38 2015] [debug] Rendering cached template "layouts/default.html.ep".
[Wed Apr 22 23:48:38 2015] [debug] 200 OK (0.009162s, 109.146/s).
[Wed Apr 22 23:48:44 2015] [debug] GET / (Mozilla/5.0 (X11; Ubuntu; Linux i686; rv:37.0) Gecko/20100101 Firefox/37.0).
[Wed Apr 22 23:48:44 2015] [debug] Routing to controller "AcdWideWeb::Example" and action "welcome".
[Wed Apr 22 23:48:44 2015] [debug] Rendering cached template "example/welcome.html.ep".
[Wed Apr 22 23:48:44 2015] [debug] Rendering cached template "layouts/default.html.ep".
[Wed Apr 22 23:48:44 2015] [debug] 200 OK (0.009309s, 107.423/s).
[Wed Apr 22 23:48:48 2015] [debug] GET / (Mozilla/5.0 (X11; Ubuntu; Linux i686; rv:37.0) Gecko/20100101 Firefox/37.0).
[Wed Apr 22 23:48:48 2015] [debug] Routing to controller "AcdWideWeb::Example" and action "welcome".
[Wed Apr 22 23:48:48 2015] [debug] Rendering cached template "example/welcome.html.ep".
[Wed Apr 22 23:48:48 2015] [debug] Rendering cached template "layouts/default.html.ep".
[Wed Apr 22 23:48:48 2015] [debug] 200 OK (0.007927s, 126.151/s).
[Wed Apr 22 23:48:55 2015] [debug] GET / (Mozilla/5.0 (X11; Ubuntu; Linux i686; rv:37.0) Gecko/20100101 Firefox/37.0).
[Wed Apr 22 23:48:55 2015] [debug] Routing to controller "AcdWideWeb::Example" and action "welcome".
[Wed Apr 22 23:48:55 2015] [debug] Rendering cached template "example/welcome.html.ep".
[Wed Apr 22 23:48:55 2015] [debug] Rendering cached template "layouts/default.html.ep".
[Wed Apr 22 23:48:55 2015] [debug] 200 OK (0.008373s, 119.432/s).
[Wed Apr 22 23:49:23 2015] [debug] GET / (Mozilla/5.0 (X11; Ubuntu; Linux i686; rv:37.0) Gecko/20100101 Firefox/37.0).
[Wed Apr 22 23:49:23 2015] [debug] Routing to controller "AcdWideWeb::Example" and action "welcome".
[Wed Apr 22 23:49:23 2015] [debug] Rendering template "example/welcome.html.ep".
[Wed Apr 22 23:49:23 2015] [debug] Rendering template "layouts/default.html.ep".
[Wed Apr 22 23:49:23 2015] [debug] 200 OK (0.124413s, 8.038/s).
[Wed Apr 22 23:49:25 2015] [debug] GET / (Mozilla/5.0 (X11; Ubuntu; Linux i686; rv:37.0) Gecko/20100101 Firefox/37.0).
[Wed Apr 22 23:49:25 2015] [debug] Routing to controller "AcdWideWeb::Example" and action "welcome".
[Wed Apr 22 23:49:25 2015] [debug] Rendering cached template "example/welcome.html.ep".
[Wed Apr 22 23:49:25 2015] [debug] Rendering cached template "layouts/default.html.ep".
[Wed Apr 22 23:49:25 2015] [debug] 200 OK (0.007903s, 126.534/s).
[Wed Apr 22 23:49:42 2015] [debug] GET / (Mozilla/5.0 (X11; Ubuntu; Linux i686; rv:37.0) Gecko/20100101 Firefox/37.0).
[Wed Apr 22 23:49:42 2015] [debug] Routing to controller "AcdWideWeb::Example" and action "welcome".
[Wed Apr 22 23:49:42 2015] [debug] Rendering template "example/welcome.html.ep".
[Wed Apr 22 23:49:42 2015] [debug] Rendering template "layouts/default.html.ep".
[Wed Apr 22 23:49:42 2015] [debug] 200 OK (0.135011s, 7.407/s).
[Wed Apr 22 23:49:43 2015] [debug] GET / (Mozilla/5.0 (X11; Ubuntu; Linux i686; rv:37.0) Gecko/20100101 Firefox/37.0).
[Wed Apr 22 23:49:43 2015] [debug] Routing to controller "AcdWideWeb::Example" and action "welcome".
[Wed Apr 22 23:49:43 2015] [debug] Rendering template "example/welcome.html.ep".
[Wed Apr 22 23:49:43 2015] [debug] Rendering template "layouts/default.html.ep".
[Wed Apr 22 23:49:43 2015] [debug] 200 OK (0.122280s, 8.178/s).
[Wed Apr 22 23:49:46 2015] [debug] GET /operators (Mozilla/5.0 (X11; Ubuntu; Linux i686; rv:37.0) Gecko/20100101 Firefox/37.0).
[Wed Apr 22 23:49:46 2015] [debug] Template "not_found.development.html.ep" not found.
[Wed Apr 22 23:49:46 2015] [debug] Template "not_found.html.ep" not found.
[Wed Apr 22 23:49:46 2015] [debug] Rendering inline template.
[Wed Apr 22 23:49:46 2015] [debug] Rendering inline template.
[Wed Apr 22 23:49:46 2015] [debug] 404 Not Found (0.108172s, 9.245/s).
[Wed Apr 22 23:49:59 2015] [debug] GET /operators (Mozilla/5.0 (X11; Ubuntu; Linux i686; rv:37.0) Gecko/20100101 Firefox/37.0).
[Wed Apr 22 23:49:59 2015] [debug] Template "not_found.development.html.ep" not found.
[Wed Apr 22 23:49:59 2015] [debug] Template "not_found.html.ep" not found.
[Wed Apr 22 23:49:59 2015] [debug] Rendering cached inline template.
[Wed Apr 22 23:49:59 2015] [debug] Rendering cached inline template.
[Wed Apr 22 23:49:59 2015] [debug] 404 Not Found (0.050598s, 19.764/s).
[Wed Apr 22 23:52:08 2015] [debug] GET /operators (Mozilla/5.0 (X11; Ubuntu; Linux i686; rv:37.0) Gecko/20100101 Firefox/37.0).
[Wed Apr 22 23:52:08 2015] [debug] Controller "AcdWideWeb::Example::Page" does not exist.
[Wed Apr 22 23:52:08 2015] [debug] Template "example/page/index.html.ep" not found.
[Wed Apr 22 23:52:08 2015] [debug] Template "not_found.development.html.ep" not found.
[Wed Apr 22 23:52:08 2015] [debug] Template "not_found.html.ep" not found.
[Wed Apr 22 23:52:08 2015] [debug] Rendering inline template.
[Wed Apr 22 23:52:08 2015] [debug] Rendering inline template.
[Wed Apr 22 23:52:08 2015] [debug] 404 Not Found (0.116797s, 8.562/s).
[Wed Apr 22 23:52:13 2015] [debug] GET /operators (Mozilla/5.0 (X11; Ubuntu; Linux i686; rv:37.0) Gecko/20100101 Firefox/37.0).
[Wed Apr 22 23:52:13 2015] [debug] Controller "AcdWideWeb::Example::Page" does not exist.
[Wed Apr 22 23:52:13 2015] [debug] Template "example/page/index.html.ep" not found.
[Wed Apr 22 23:52:13 2015] [debug] Template "not_found.development.html.ep" not found.
[Wed Apr 22 23:52:13 2015] [debug] Template "not_found.html.ep" not found.
[Wed Apr 22 23:52:13 2015] [debug] Rendering cached inline template.
[Wed Apr 22 23:52:13 2015] [debug] Rendering cached inline template.
[Wed Apr 22 23:52:13 2015] [debug] 404 Not Found (0.056767s, 17.616/s).
[Wed Apr 22 23:52:31 2015] [info] Listening at "http://*:3000".
[Wed Apr 22 23:52:32 2015] [debug] GET /operators (Mozilla/5.0 (X11; Ubuntu; Linux i686; rv:37.0) Gecko/20100101 Firefox/37.0).
[Wed Apr 22 23:52:32 2015] [debug] Controller "AcdWideWeb::Example::Page" does not exist.
[Wed Apr 22 23:52:32 2015] [debug] Template "example/page/index.html.ep" not found.
[Wed Apr 22 23:52:32 2015] [debug] Template "not_found.development.html.ep" not found.
[Wed Apr 22 23:52:32 2015] [debug] Template "not_found.html.ep" not found.
[Wed Apr 22 23:52:32 2015] [debug] Rendering inline template.
[Wed Apr 22 23:52:32 2015] [debug] Rendering inline template.
[Wed Apr 22 23:52:32 2015] [debug] 404 Not Found (0.129494s, 7.722/s).
[Wed Apr 22 23:52:43 2015] [debug] GET /operators/ (Mozilla/5.0 (X11; Ubuntu; Linux i686; rv:37.0) Gecko/20100101 Firefox/37.0).
[Wed Apr 22 23:52:43 2015] [debug] Controller "AcdWideWeb::Example::Page" does not exist.
[Wed Apr 22 23:52:43 2015] [debug] Template "example/page/index.html.ep" not found.
[Wed Apr 22 23:52:43 2015] [debug] Template "not_found.development.html.ep" not found.
[Wed Apr 22 23:52:43 2015] [debug] Template "not_found.html.ep" not found.
[Wed Apr 22 23:52:43 2015] [debug] Rendering inline template.
[Wed Apr 22 23:52:43 2015] [debug] Rendering inline template.
[Wed Apr 22 23:52:43 2015] [debug] 404 Not Found (0.153582s, 6.511/s).
[Wed Apr 22 23:55:35 2015] [info] Listening at "http://*:3000".
[Wed Apr 22 23:55:39 2015] [debug] GET /operators/ (Mozilla/5.0 (X11; Ubuntu; Linux i686; rv:37.0) Gecko/20100101 Firefox/37.0).
[Wed Apr 22 23:55:39 2015] [debug] Routing to controller "AcdWideWeb::Operators" and action "index".
[Wed Apr 22 23:55:39 2015] [debug] Template "operators/index.html.ep" not found.
[Wed Apr 22 23:55:39 2015] [debug] Template "operators/index.html.ep" not found.
[Wed Apr 22 23:55:39 2015] [debug] Nothing has been rendered, expecting delayed response.
[Wed Apr 22 23:55:48 2015] [debug] GET / (Mozilla/5.0 (X11; Ubuntu; Linux i686; rv:37.0) Gecko/20100101 Firefox/37.0).
[Wed Apr 22 23:55:48 2015] [debug] Routing to controller "AcdWideWeb::Example" and action "welcome".
[Wed Apr 22 23:55:48 2015] [debug] Rendering template "example/welcome.html.ep".
[Wed Apr 22 23:55:48 2015] [debug] Rendering template "layouts/default.html.ep".
[Wed Apr 22 23:55:48 2015] [debug] 200 OK (0.177385s, 5.637/s).
[Wed Apr 22 23:55:50 2015] [debug] GET / (Mozilla/5.0 (X11; Ubuntu; Linux i686; rv:37.0) Gecko/20100101 Firefox/37.0).
[Wed Apr 22 23:55:50 2015] [debug] Routing to controller "AcdWideWeb::Example" and action "welcome".
[Wed Apr 22 23:55:50 2015] [debug] Rendering cached template "example/welcome.html.ep".
[Wed Apr 22 23:55:50 2015] [debug] Rendering cached template "layouts/default.html.ep".
[Wed Apr 22 23:55:50 2015] [debug] 200 OK (0.008281s, 120.758/s).
[Wed Apr 22 23:55:53 2015] [debug] GET /operators (Mozilla/5.0 (X11; Ubuntu; Linux i686; rv:37.0) Gecko/20100101 Firefox/37.0).
[Wed Apr 22 23:55:53 2015] [debug] Routing to controller "AcdWideWeb::Operators" and action "index".
[Wed Apr 22 23:55:53 2015] [debug] Template "operators/index.html.ep" not found.
[Wed Apr 22 23:55:53 2015] [debug] Template "operators/index.html.ep" not found.
[Wed Apr 22 23:55:53 2015] [debug] Nothing has been rendered, expecting delayed response.
[Wed Apr 22 23:56:08 2015] [debug] Inactivity timeout.
[Wed Apr 22 23:56:08 2015] [debug] GET /operators (Mozilla/5.0 (X11; Ubuntu; Linux i686; rv:37.0) Gecko/20100101 Firefox/37.0).
[Wed Apr 22 23:56:08 2015] [debug] Routing to controller "AcdWideWeb::Operators" and action "index".
[Wed Apr 22 23:56:08 2015] [debug] Template "operators/index.html.ep" not found.
[Wed Apr 22 23:56:08 2015] [debug] Template "operators/index.html.ep" not found.
[Wed Apr 22 23:56:08 2015] [debug] Nothing has been rendered, expecting delayed response.
[Wed Apr 22 23:56:23 2015] [debug] Inactivity timeout.
[Wed Apr 22 23:56:42 2015] [debug] GET /operators (Mozilla/5.0 (X11; Ubuntu; Linux i686; rv:37.0) Gecko/20100101 Firefox/37.0).
[Wed Apr 22 23:56:42 2015] [debug] Routing to controller "AcdWideWeb::Operators" and action "index".
[Wed Apr 22 23:56:42 2015] [debug] Rendering template "operators/index.html.ep".
[Wed Apr 22 23:56:42 2015] [debug] Rendering template "layouts/default.html.ep".
[Wed Apr 22 23:56:42 2015] [debug] 200 OK (0.119178s, 8.391/s).
[Wed Apr 22 23:57:11 2015] [debug] GET /operators (Mozilla/5.0 (X11; Ubuntu; Linux i686; rv:37.0) Gecko/20100101 Firefox/37.0).
[Wed Apr 22 23:57:11 2015] [debug] Routing to controller "AcdWideWeb::Operators" and action "index".
[Wed Apr 22 23:57:11 2015] [debug] Rendering template "operators/index.html.ep".
[Wed Apr 22 23:57:11 2015] [debug] Rendering template "layouts/default.html.ep".
[Wed Apr 22 23:57:11 2015] [debug] 200 OK (0.123380s, 8.105/s).
[Wed Apr 22 23:58:55 2015] [debug] GET /operators (Mozilla/5.0 (X11; Ubuntu; Linux i686; rv:37.0) Gecko/20100101 Firefox/37.0).
[Wed Apr 22 23:58:55 2015] [debug] Routing to controller "AcdWideWeb::Operators" and action "index".
[Wed Apr 22 23:58:55 2015] [debug] Rendering template "operators/index.html.ep".
[Wed Apr 22 23:58:56 2015] [error] Global symbol "$message" requires explicit package name at template "operators/index.html.ep" line 3, near "This page was generated from the template "templates/example/welcome.html.ep"".
1: % layout 'default';
2: % title 'Operators';
3: <h2><%= $message %></h2>
4: This page was generated from the template "templates/example/welcome.html.ep"
5: and the layout "templates/layouts/default.html.ep",
6: <a href="<%== url_for %>">click here</a> to reload the page or
7: <a href="/index.html">here</a> to move forward to a static page.

[Wed Apr 22 23:58:56 2015] [debug] Template "exception.development.html.ep" not found.
[Wed Apr 22 23:58:56 2015] [debug] Template "exception.html.ep" not found.
[Wed Apr 22 23:58:56 2015] [debug] Rendering inline template.
[Wed Apr 22 23:58:56 2015] [debug] Rendering inline template.
[Wed Apr 22 23:58:56 2015] [debug] 500 Internal Server Error (0.279866s, 3.573/s).
[Wed Apr 22 23:59:11 2015] [debug] GET /operators (Mozilla/5.0 (X11; Ubuntu; Linux i686; rv:37.0) Gecko/20100101 Firefox/37.0).
[Wed Apr 22 23:59:11 2015] [debug] Routing to controller "AcdWideWeb::Operators" and action "index".
[Wed Apr 22 23:59:11 2015] [debug] Rendering template "operators/index.html.ep".
[Wed Apr 22 23:59:11 2015] [debug] Rendering template "layouts/default.html.ep".
[Wed Apr 22 23:59:11 2015] [debug] 200 OK (0.121504s, 8.230/s).
[Thu Apr 23 00:00:03 2015] [debug] GET /operators (Mozilla/5.0 (X11; Ubuntu; Linux i686; rv:37.0) Gecko/20100101 Firefox/37.0).
[Thu Apr 23 00:00:03 2015] [debug] Routing to controller "AcdWideWeb::Operators" and action "index".
[Thu Apr 23 00:00:03 2015] [debug] Rendering template "operators/index.html.ep".
[Thu Apr 23 00:00:03 2015] [debug] Rendering template "layouts/default.html.ep".
[Thu Apr 23 00:00:03 2015] [debug] 200 OK (0.123728s, 8.082/s).
[Thu Apr 23 00:00:38 2015] [debug] GET /operators (Mozilla/5.0 (X11; Ubuntu; Linux i686; rv:37.0) Gecko/20100101 Firefox/37.0).
[Thu Apr 23 00:00:38 2015] [debug] Routing to controller "AcdWideWeb::Operators" and action "index".
[Thu Apr 23 00:00:38 2015] [debug] Rendering cached template "operators/index.html.ep".
[Thu Apr 23 00:00:38 2015] [debug] Rendering cached template "layouts/default.html.ep".
[Thu Apr 23 00:00:38 2015] [debug] 200 OK (0.006397s, 156.323/s).
[Thu Apr 23 00:00:45 2015] [debug] GET /operators (Mozilla/5.0 (X11; Ubuntu; Linux i686; rv:37.0) Gecko/20100101 Firefox/37.0).
[Thu Apr 23 00:00:45 2015] [debug] Routing to controller "AcdWideWeb::Operators" and action "index".
[Thu Apr 23 00:00:45 2015] [debug] Rendering cached template "operators/index.html.ep".
[Thu Apr 23 00:00:45 2015] [debug] Rendering cached template "layouts/default.html.ep".
[Thu Apr 23 00:00:45 2015] [debug] 200 OK (0.006478s, 154.369/s).
[Thu Apr 23 00:01:05 2015] [debug] GET /operators (Mozilla/5.0 (X11; Ubuntu; Linux i686; rv:37.0) Gecko/20100101 Firefox/37.0).
[Thu Apr 23 00:01:05 2015] [debug] Routing to controller "AcdWideWeb::Operators" and action "index".
[Thu Apr 23 00:01:05 2015] [debug] Rendering template "operators/index.html.ep".
[Thu Apr 23 00:01:05 2015] [debug] Rendering template "layouts/default.html.ep".
[Thu Apr 23 00:01:05 2015] [debug] 200 OK (0.133007s, 7.518/s).
[Thu Apr 23 00:01:15 2015] [debug] GET /operators (Mozilla/5.0 (X11; Ubuntu; Linux i686; rv:37.0) Gecko/20100101 Firefox/37.0).
[Thu Apr 23 00:01:15 2015] [debug] Routing to controller "AcdWideWeb::Operators" and action "index".
[Thu Apr 23 00:01:15 2015] [debug] Rendering template "operators/index.html.ep".
[Thu Apr 23 00:01:15 2015] [debug] Rendering template "layouts/default.html.ep".
[Thu Apr 23 00:01:16 2015] [debug] 200 OK (0.129622s, 7.715/s).
[Thu Apr 23 00:02:52 2015] [debug] GET /operators (Mozilla/5.0 (X11; Ubuntu; Linux i686; rv:37.0) Gecko/20100101 Firefox/37.0).
[Thu Apr 23 00:02:52 2015] [debug] Routing to controller "AcdWideWeb::Operators" and action "index".
[Thu Apr 23 00:02:52 2015] [debug] Rendering template "operators/index.html.ep".
[Thu Apr 23 00:02:53 2015] [error] Global symbol "$opeerators" requires explicit package name at template "operators/index.html.ep" line 5, near "</tbody>".
1: % layout 'default';
2: % title 'Operators';
3: <table>
4: <tbody>
5: <%= $opeerators %>
6: </tbody>
7: </table>

[Thu Apr 23 00:02:53 2015] [debug] Template "exception.development.html.ep" not found.
[Thu Apr 23 00:02:53 2015] [debug] Template "exception.html.ep" not found.
[Thu Apr 23 00:02:53 2015] [debug] Rendering inline template.
[Thu Apr 23 00:02:53 2015] [debug] Rendering inline template.
[Thu Apr 23 00:02:53 2015] [debug] 500 Internal Server Error (0.260342s, 3.841/s).
[Thu Apr 23 00:06:13 2015] [debug] GET /operators (Mozilla/5.0 (X11; Ubuntu; Linux i686; rv:37.0) Gecko/20100101 Firefox/37.0).
[Thu Apr 23 00:06:13 2015] [debug] Routing to controller "AcdWideWeb::Operators" and action "index".
[Thu Apr 23 00:06:13 2015] [debug] Rendering template "operators/index.html.ep".
[Thu Apr 23 00:06:13 2015] [debug] Rendering template "layouts/default.html.ep".
[Thu Apr 23 00:06:13 2015] [debug] 200 OK (0.131865s, 7.584/s).
[Thu Apr 23 00:07:23 2015] [debug] GET /operators (Mozilla/5.0 (X11; Ubuntu; Linux i686; rv:37.0) Gecko/20100101 Firefox/37.0).
[Thu Apr 23 00:07:23 2015] [debug] Routing to controller "AcdWideWeb::Operators" and action "index".
[Thu Apr 23 00:07:23 2015] [debug] Rendering template "operators/index.html.ep".
[Thu Apr 23 00:07:23 2015] [debug] Rendering template "layouts/default.html.ep".
[Thu Apr 23 00:07:23 2015] [debug] 200 OK (0.124809s, 8.012/s).
[Thu Apr 23 00:07:24 2015] [debug] GET /operators (Mozilla/5.0 (X11; Ubuntu; Linux i686; rv:37.0) Gecko/20100101 Firefox/37.0).
[Thu Apr 23 00:07:24 2015] [debug] Routing to controller "AcdWideWeb::Operators" and action "index".
[Thu Apr 23 00:07:24 2015] [debug] Rendering template "operators/index.html.ep".
[Thu Apr 23 00:07:24 2015] [debug] Rendering template "layouts/default.html.ep".
[Thu Apr 23 00:07:25 2015] [debug] 200 OK (0.128496s, 7.782/s).
